#
# There is insufficient memory for the Java Runtime Environment to continue.
# Native memory allocation (malloc) failed to allocate 32744 bytes for Chunk::new
# Possible reasons:
#   The system is out of physical RAM or swap space
#   The process is running with CompressedOops enabled, and the Java Heap may be blocking the growth of the native heap
# Possible solutions:
#   Reduce memory load on the system
#   Increase physical memory or swap space
#   Check if swap backing store is full
#   Decrease Java heap size (-Xmx/-Xms)
#   Decrease number of Java threads
#   Decrease Java thread stack sizes (-Xss)
#   Set larger code cache with -XX:ReservedCodeCacheSize=
#   JVM is running with Unscaled Compressed Oops mode in which the Java heap is
#     placed in the first 4GB address space. The Java Heap base address is the
#     maximum limit for the native heap growth. Please use -XX:HeapBaseMinAddress
#     to set the Java Heap base and to place the Java Heap above 4GB virtual address.
# This output file may be truncated or incomplete.
#
#  Out of Memory Error (arena.cpp:184), pid=9348, tid=22612
#
# JRE version: Java(TM) SE Runtime Environment (20.0.2+9) (build 20.0.2+9-78)
# Java VM: Java HotSpot(TM) 64-Bit Server VM (20.0.2+9-78, mixed mode, sharing, tiered, compressed oops, compressed class ptrs, g1 gc, windows-amd64)
# No core dump will be written. Minidumps are not enabled by default on client versions of Windows
#

---------------  S U M M A R Y ------------

Command Line: --add-opens=java.base/java.lang=ALL-UNNAMED --add-opens=java.base/java.lang.invoke=ALL-UNNAMED --add-opens=java.base/java.util=ALL-UNNAMED --add-opens=java.prefs/java.util.prefs=ALL-UNNAMED --add-exports=jdk.compiler/com.sun.tools.javac.api=ALL-UNNAMED --add-exports=jdk.compiler/com.sun.tools.javac.util=ALL-UNNAMED --add-opens=java.base/java.util=ALL-UNNAMED --add-opens=java.prefs/java.util.prefs=ALL-UNNAMED --add-opens=java.base/java.nio.charset=ALL-UNNAMED --add-opens=java.base/java.net=ALL-UNNAMED --add-opens=java.base/java.util.concurrent.atomic=ALL-UNNAMED --add-opens=java.xml/javax.xml.namespace=ALL-UNNAMED -XX:MaxMetaspaceSize=384m -XX:+HeapDumpOnOutOfMemoryError -Xms256m -Xmx512m -Dfile.encoding=UTF-8 -Duser.country=ID -Duser.language=en -Duser.variant -javaagent:C:\Users\ASUS\.gradle\wrapper\dists\gradle-8.13-bin\5xuhj0ry160q40clulazy9h7d\gradle-8.13\lib\agents\gradle-instrumentation-agent-8.13.jar org.gradle.launcher.daemon.bootstrap.GradleDaemon 8.13

Host: AMD Ryzen 5 5600H with Radeon Graphics         , 12 cores, 15G,  Windows 11 , 64 bit Build 22621 (10.0.22621.5262)
Time: Sat May 24 11:40:07 2025 SE Asia Standard Time elapsed time: 487.299850 seconds (0d 0h 8m 7s)

---------------  T H R E A D  ---------------

Current thread (0x00000232fad1a860):  JavaThread "C2 CompilerThread0" daemon [_thread_in_vm, id=22612, stack(0x000000dbc9500000,0x000000dbc9600000)]


Current CompileTask:
C2: 487300 5027       4       jdk.internal.org.objectweb.asm.MethodWriter::visitTypeInsn (116 bytes)

Stack: [0x000000dbc9500000,0x000000dbc9600000]
Native frames: (J=compiled Java code, j=interpreted, Vv=VM code, C=native code)
V  [jvm.dll+0x6bc25a]
V  [jvm.dll+0x84971a]
V  [jvm.dll+0x84b315]
V  [jvm.dll+0x84ba13]
V  [jvm.dll+0x280e4f]
V  [jvm.dll+0xc2ab1]
V  [jvm.dll+0xc2dd5]
V  [jvm.dll+0x8d86]
V  [jvm.dll+0x202081]
V  [jvm.dll+0x1ef4ff]
V  [jvm.dll+0x1ef250]
V  [jvm.dll+0x1f26fc]
V  [jvm.dll+0x1ef08a]
V  [jvm.dll+0x1eef8a]
V  [jvm.dll+0x208e91]
V  [jvm.dll+0x20e1c2]
V  [jvm.dll+0x20c0bd]
V  [jvm.dll+0x20e67a]
V  [jvm.dll+0x20df0c]
V  [jvm.dll+0x20ee21]
V  [jvm.dll+0x20e16e]
V  [jvm.dll+0x1f99f0]
V  [jvm.dll+0x149c9b]
V  [jvm.dll+0x2f355c]
V  [jvm.dll+0x2f52d0]
V  [jvm.dll+0x6d4522]
V  [jvm.dll+0x6cc5a6]
V  [jvm.dll+0x6cbbf1]
V  [jvm.dll+0x6c9de4]
V  [jvm.dll+0x1d196c]
V  [jvm.dll+0x24a4d3]
V  [jvm.dll+0x1ce761]
V  [jvm.dll+0x25a0eb]
V  [jvm.dll+0x2587c0]
V  [jvm.dll+0x3f2dd5]
V  [jvm.dll+0x7f5c76]
V  [jvm.dll+0x6baecb]
C  [ucrtbase.dll+0x29333]
C  [KERNEL32.DLL+0x1259d]
C  [ntdll.dll+0x5af58]


---------------  P R O C E S S  ---------------

Threads class SMR info:
_java_thread_list=0x00000232fbd0f7c0, length=35, elements={
0x00000232eadd2660, 0x00000232fad144b0, 0x00000232f6b8c2f0, 0x00000232f6b8ce30,
0x00000232f6b8d970, 0x00000232f6b8e2b0, 0x00000232fad17f10, 0x00000232fad1a860,
0x00000232fad1b1e0, 0x00000232f6b4d900, 0x00000232fafb4c10, 0x00000232fb643b80,
0x00000232fc712290, 0x00000232fc6de040, 0x00000232fb273040, 0x00000232fb360e40,
0x00000232fb361390, 0x00000232fb3603a0, 0x00000232fb3618e0, 0x00000232fb361e30,
0x00000232fb3608f0, 0x00000232fb362380, 0x00000232fb3628d0, 0x00000232fb363370,
0x00000232fc8aedf0, 0x00000232fc8ace10, 0x00000232fc8ad360, 0x00000232fc8ad8b0,
0x00000232fc8b1320, 0x00000232fc8abe20, 0x00000232fc8b2310, 0x00000232fc8ac370,
0x00000232fc8b0880, 0x00000232fc8af890, 0x00000232fc8ab8d0
}

Java Threads: ( => current thread )
  0x00000232eadd2660 JavaThread "main" [_thread_blocked, id=4516, stack(0x000000dbc8800000,0x000000dbc8900000)]
  0x00000232fad144b0 JavaThread "Reference Handler" daemon [_thread_blocked, id=2084, stack(0x000000dbc8f00000,0x000000dbc9000000)]
  0x00000232f6b8c2f0 JavaThread "Finalizer" daemon [_thread_blocked, id=15448, stack(0x000000dbc9000000,0x000000dbc9100000)]
  0x00000232f6b8ce30 JavaThread "Signal Dispatcher" daemon [_thread_blocked, id=15156, stack(0x000000dbc9100000,0x000000dbc9200000)]
  0x00000232f6b8d970 JavaThread "Attach Listener" daemon [_thread_blocked, id=16036, stack(0x000000dbc9200000,0x000000dbc9300000)]
  0x00000232f6b8e2b0 JavaThread "Service Thread" daemon [_thread_blocked, id=13608, stack(0x000000dbc9300000,0x000000dbc9400000)]
  0x00000232fad17f10 JavaThread "Monitor Deflation Thread" daemon [_thread_blocked, id=9312, stack(0x000000dbc9400000,0x000000dbc9500000)]
=>0x00000232fad1a860 JavaThread "C2 CompilerThread0" daemon [_thread_in_vm, id=22612, stack(0x000000dbc9500000,0x000000dbc9600000)]
  0x00000232fad1b1e0 JavaThread "C1 CompilerThread0" daemon [_thread_in_native, id=9856, stack(0x000000dbc9600000,0x000000dbc9700000)]
  0x00000232f6b4d900 JavaThread "Common-Cleaner" daemon [_thread_blocked, id=24036, stack(0x000000dbc9700000,0x000000dbc9800000)]
  0x00000232fafb4c10 JavaThread "Notification Thread" daemon [_thread_blocked, id=6340, stack(0x000000dbc9800000,0x000000dbc9900000)]
  0x00000232fb643b80 JavaThread "Daemon health stats" [_thread_blocked, id=25660, stack(0x000000dbca200000,0x000000dbca300000)]
  0x00000232fc712290 JavaThread "Incoming local TCP Connector on port 54380" [_thread_in_native, id=13320, stack(0x000000dbca300000,0x000000dbca400000)]
  0x00000232fc6de040 JavaThread "Daemon periodic checks" [_thread_blocked, id=26296, stack(0x000000dbca400000,0x000000dbca500000)]
  0x00000232fb273040 JavaThread "Daemon" [_thread_blocked, id=25656, stack(0x000000dbca500000,0x000000dbca600000)]
  0x00000232fb360e40 JavaThread "Handler for socket connection from /127.0.0.1:54380 to /127.0.0.1:54384" [_thread_in_native, id=25628, stack(0x000000dbca600000,0x000000dbca700000)]
  0x00000232fb361390 JavaThread "Cancel handler" [_thread_blocked, id=12824, stack(0x000000dbc9a00000,0x000000dbc9b00000)]
  0x00000232fb3603a0 JavaThread "Daemon worker" [_thread_in_vm, id=24260, stack(0x000000dbca700000,0x000000dbca800000)]
  0x00000232fb3618e0 JavaThread "Asynchronous log dispatcher for DefaultDaemonConnection: socket connection from /127.0.0.1:54380 to /127.0.0.1:54384" [_thread_blocked, id=17112, stack(0x000000dbca800000,0x000000dbca900000)]
  0x00000232fb361e30 JavaThread "Stdin handler" [_thread_blocked, id=24240, stack(0x000000dbca900000,0x000000dbcaa00000)]
  0x00000232fb3608f0 JavaThread "Daemon client event forwarder" [_thread_blocked, id=23108, stack(0x000000dbcaa00000,0x000000dbcab00000)]
  0x00000232fb362380 JavaThread "Cache worker for journal cache (C:\Users\ASUS\.gradle\caches\journal-1)" [_thread_blocked, id=11840, stack(0x000000dbcab00000,0x000000dbcac00000)]
  0x00000232fb3628d0 JavaThread "File lock request listener" [_thread_in_native, id=26004, stack(0x000000dbcac00000,0x000000dbcad00000)]
  0x00000232fb363370 JavaThread "Cache worker for file hash cache (C:\Users\ASUS\.gradle\caches\8.13\fileHashes)" [_thread_blocked, id=26968, stack(0x000000dbcaf00000,0x000000dbcb000000)]
  0x00000232fc8aedf0 JavaThread "Cache worker for file hash cache (C:\Hafizh\kuliah_csui\adpro\table-service-rizzerve\.gradle\8.13\fileHashes)" [_thread_blocked, id=28728, stack(0x000000dbcb400000,0x000000dbcb500000)]
  0x00000232fc8ace10 JavaThread "Cache worker for Build Output Cleanup Cache (C:\Hafizh\kuliah_csui\adpro\table-service-rizzerve\.gradle\buildOutputCleanup)" [_thread_blocked, id=28828, stack(0x000000dbcb500000,0x000000dbcb600000)]
  0x00000232fc8ad360 JavaThread "File watcher server" daemon [_thread_in_native, id=10688, stack(0x000000dbcb600000,0x000000dbcb700000)]
  0x00000232fc8ad8b0 JavaThread "File watcher consumer" daemon [_thread_blocked, id=24228, stack(0x000000dbcb700000,0x000000dbcb800000)]
  0x00000232fc8b1320 JavaThread "jar transforms" [_thread_blocked, id=27928, stack(0x000000dbc8600000,0x000000dbc8700000)]
  0x00000232fc8abe20 JavaThread "jar transforms Thread 2" [_thread_blocked, id=32440, stack(0x000000dbc8700000,0x000000dbc8800000)]
  0x00000232fc8b2310 JavaThread "Cache worker for checksums cache (C:\Hafizh\kuliah_csui\adpro\table-service-rizzerve\.gradle\8.13\checksums)" [_thread_blocked, id=31412, stack(0x000000dbcae00000,0x000000dbcaf00000)]
  0x00000232fc8ac370 JavaThread "Cache worker for file content cache (C:\Users\ASUS\.gradle\caches\8.13\fileContent)" [_thread_blocked, id=33376, stack(0x000000dbcb200000,0x000000dbcb300000)]
  0x00000232fc8b0880 JavaThread "jar transforms Thread 3" [_thread_blocked, id=4016, stack(0x000000dbcba00000,0x000000dbcbb00000)]
  0x00000232fc8af890 JavaThread "Cache worker for cache directory md-supplier (C:\Users\ASUS\.gradle\caches\8.13\md-supplier)" [_thread_blocked, id=16884, stack(0x000000dbcb300000,0x000000dbcb400000)]
  0x00000232fc8ab8d0 JavaThread "File lock release action executor Thread 4" [_thread_blocked, id=21672, stack(0x000000dbcb800000,0x000000dbcb900000)]

Other Threads:
  0x00000232f6b62860 VMThread "VM Thread" [stack: 0x000000dbc8e00000,0x000000dbc8f00000] [id=6148]
  0x00000232eadd3590 WatcherThread "VM Periodic Task Thread" [stack: 0x000000dbc9900000,0x000000dbc9a00000] [id=8024]
  0x00000232eae05b00 WorkerThread "GC Thread#0" [stack: 0x000000dbc8900000,0x000000dbc8a00000] [id=23284]
  0x00000232fb7ddde0 WorkerThread "GC Thread#1" [stack: 0x000000dbc9c00000,0x000000dbc9d00000] [id=18476]
  0x00000232fb0674d0 WorkerThread "GC Thread#2" [stack: 0x000000dbc9d00000,0x000000dbc9e00000] [id=25220]
  0x00000232fb066f30 WorkerThread "GC Thread#3" [stack: 0x000000dbc9e00000,0x000000dbc9f00000] [id=21520]
  0x00000232fb067a70 WorkerThread "GC Thread#4" [stack: 0x000000dbc9f00000,0x000000dbca000000] [id=10344]
  0x00000232fb067d40 WorkerThread "GC Thread#5" [stack: 0x000000dbca000000,0x000000dbca100000] [id=4472]
  0x00000232fb066c60 WorkerThread "GC Thread#6" [stack: 0x000000dbc9b00000,0x000000dbc9c00000] [id=23444]
  0x00000232fb067200 WorkerThread "GC Thread#7" [stack: 0x000000dbca100000,0x000000dbca200000] [id=20268]
  0x00000232fb1a25f0 WorkerThread "GC Thread#8" [stack: 0x000000dbc8500000,0x000000dbc8600000] [id=25520]
  0x00000232fb1a2e60 WorkerThread "GC Thread#9" [stack: 0x000000dbcad00000,0x000000dbcae00000] [id=25408]
  0x00000232eae0a920 ConcurrentGCThread "G1 Main Marker" [stack: 0x000000dbc8a00000,0x000000dbc8b00000] [id=25528]
  0x00000232eae0c270 WorkerThread "G1 Conc#0" [stack: 0x000000dbc8b00000,0x000000dbc8c00000] [id=24924]
  0x00000232fb1a3400 WorkerThread "G1 Conc#1" [stack: 0x000000dbcb000000,0x000000dbcb100000] [id=25404]
  0x00000232fb1a09d0 WorkerThread "G1 Conc#2" [stack: 0x000000dbcb100000,0x000000dbcb200000] [id=11288]
  0x00000232f6a26170 ConcurrentGCThread "G1 Refine#0" [stack: 0x000000dbc8c00000,0x000000dbc8d00000] [id=24788]
  0x00000232f6a26b20 ConcurrentGCThread "G1 Service" [stack: 0x000000dbc8d00000,0x000000dbc8e00000] [id=14324]

Threads with active compile tasks:
C2 CompilerThread0   487489 5027       4       jdk.internal.org.objectweb.asm.MethodWriter::visitTypeInsn (116 bytes)
C1 CompilerThread0   487489 5028   !   3       org.gradle.internal.reflect.JavaMethod::invoke (74 bytes)

VM state: not at safepoint (normal execution)

VM Mutex/Monitor currently owned by a thread: None

Heap address: 0x00000000e0000000, size: 512 MB, Compressed Oops mode: 32-bit

CDS archive(s) mapped at: [0x000002328f000000-0x000002328fc60000-0x000002328fc60000), size 12976128, SharedBaseAddress: 0x000002328f000000, ArchiveRelocationMode: 1.
Compressed class space mapped at: 0x0000023290000000-0x00000232a3400000, reserved size: 322961408
Narrow klass base: 0x000002328f000000, Narrow klass shift: 0, Narrow klass range: 0x100000000

GC Precious Log:
 CardTable entry size: 512
 Card Set container configuration: InlinePtr #cards 5 size 8 Array Of Cards #cards 12 size 40 Howl #buckets 4 coarsen threshold 1843 Howl Bitmap #cards 512 size 80 coarsen threshold 460 Card regions per heap region 1 cards per card region 2048
 CPUs: 12 total, 12 available
 Memory: 15775M
 Large Page Support: Disabled
 NUMA Support: Disabled
 Compressed Oops: Enabled (32-bit)
 Heap Region Size: 1M
 Heap Min Capacity: 256M
 Heap Initial Capacity: 256M
 Heap Max Capacity: 512M
 Pre-touch: Disabled
 Parallel Workers: 10
 Concurrent Workers: 3
 Concurrent Refinement Workers: 10
 Periodic GC: Disabled

Heap:
 garbage-first heap   total 262144K, used 41071K [0x00000000e0000000, 0x0000000100000000)
  region size 1024K, 11 young (11264K), 2 survivors (2048K)
 Metaspace       used 37721K, committed 39040K, reserved 380928K
  class space    used 5253K, committed 5888K, reserved 315392K

Heap Regions: E=young(eden), S=young(survivor), O=old, HS=humongous(starts), HC=humongous(continues), CS=collection set, F=free, OA=open archive, CA=closed archive, TAMS=top-at-mark-start, PB=parsable bottom
|   0|0x00000000e0000000, 0x00000000e0100000, 0x00000000e0100000|100%|HS|  |TAMS 0x00000000e0000000| PB 0x00000000e0000000| Complete 
|   1|0x00000000e0100000, 0x00000000e0200000, 0x00000000e0200000|100%|HC|  |TAMS 0x00000000e0100000| PB 0x00000000e0100000| Complete 
|   2|0x00000000e0200000, 0x00000000e0300000, 0x00000000e0300000|100%|HC|  |TAMS 0x00000000e0200000| PB 0x00000000e0200000| Complete 
|   3|0x00000000e0300000, 0x00000000e0400000, 0x00000000e0400000|100%| O|  |TAMS 0x00000000e0300000| PB 0x00000000e0300000| Untracked 
|   4|0x00000000e0400000, 0x00000000e0500000, 0x00000000e0500000|100%| O|  |TAMS 0x00000000e0400000| PB 0x00000000e0400000| Untracked 
|   5|0x00000000e0500000, 0x00000000e0600000, 0x00000000e0600000|100%| O|  |TAMS 0x00000000e0500000| PB 0x00000000e0500000| Untracked 
|   6|0x00000000e0600000, 0x00000000e0700000, 0x00000000e0700000|100%|HS|  |TAMS 0x00000000e0600000| PB 0x00000000e0600000| Complete 
|   7|0x00000000e0700000, 0x00000000e0800000, 0x00000000e0800000|100%| O|  |TAMS 0x00000000e0700000| PB 0x00000000e0700000| Untracked 
|   8|0x00000000e0800000, 0x00000000e0900000, 0x00000000e0900000|100%| O|  |TAMS 0x00000000e0800000| PB 0x00000000e0800000| Untracked 
|   9|0x00000000e0900000, 0x00000000e0a00000, 0x00000000e0a00000|100%| O|  |TAMS 0x00000000e0900000| PB 0x00000000e0900000| Untracked 
|  10|0x00000000e0a00000, 0x00000000e0b00000, 0x00000000e0b00000|100%| O|  |TAMS 0x00000000e0a00000| PB 0x00000000e0a00000| Untracked 
|  11|0x00000000e0b00000, 0x00000000e0c00000, 0x00000000e0c00000|100%| O|  |TAMS 0x00000000e0b00000| PB 0x00000000e0b00000| Untracked 
|  12|0x00000000e0c00000, 0x00000000e0c00000, 0x00000000e0d00000|  0%| F|  |TAMS 0x00000000e0c00000| PB 0x00000000e0c00000| Untracked 
|  13|0x00000000e0d00000, 0x00000000e0e00000, 0x00000000e0e00000|100%| O|  |TAMS 0x00000000e0d00000| PB 0x00000000e0d00000| Untracked 
|  14|0x00000000e0e00000, 0x00000000e0f00000, 0x00000000e0f00000|100%| O|  |TAMS 0x00000000e0e00000| PB 0x00000000e0e00000| Untracked 
|  15|0x00000000e0f00000, 0x00000000e1000000, 0x00000000e1000000|100%| O|  |TAMS 0x00000000e0f00000| PB 0x00000000e0f00000| Untracked 
|  16|0x00000000e1000000, 0x00000000e1100000, 0x00000000e1100000|100%| O|  |TAMS 0x00000000e1000000| PB 0x00000000e1000000| Untracked 
|  17|0x00000000e1100000, 0x00000000e1200000, 0x00000000e1200000|100%| O|  |TAMS 0x00000000e1100000| PB 0x00000000e1100000| Untracked 
|  18|0x00000000e1200000, 0x00000000e1300000, 0x00000000e1300000|100%| O|  |TAMS 0x00000000e1200000| PB 0x00000000e1200000| Untracked 
|  19|0x00000000e1300000, 0x00000000e1400000, 0x00000000e1400000|100%| O|  |TAMS 0x00000000e1300000| PB 0x00000000e1300000| Untracked 
|  20|0x00000000e1400000, 0x00000000e1500000, 0x00000000e1500000|100%| O|  |TAMS 0x00000000e1400000| PB 0x00000000e1400000| Untracked 
|  21|0x00000000e1500000, 0x00000000e1600000, 0x00000000e1600000|100%| O|  |TAMS 0x00000000e1500000| PB 0x00000000e1500000| Untracked 
|  22|0x00000000e1600000, 0x00000000e1700000, 0x00000000e1700000|100%| O|  |TAMS 0x00000000e1600000| PB 0x00000000e1600000| Untracked 
|  23|0x00000000e1700000, 0x00000000e1800000, 0x00000000e1800000|100%| O|  |TAMS 0x00000000e1700000| PB 0x00000000e1700000| Untracked 
|  24|0x00000000e1800000, 0x00000000e1900000, 0x00000000e1900000|100%| O|  |TAMS 0x00000000e1800000| PB 0x00000000e1800000| Untracked 
|  25|0x00000000e1900000, 0x00000000e1a00000, 0x00000000e1a00000|100%| O|  |TAMS 0x00000000e1900000| PB 0x00000000e1900000| Untracked 
|  26|0x00000000e1a00000, 0x00000000e1b00000, 0x00000000e1b00000|100%| O|  |TAMS 0x00000000e1a00000| PB 0x00000000e1a00000| Untracked 
|  27|0x00000000e1b00000, 0x00000000e1c00000, 0x00000000e1c00000|100%| O|  |TAMS 0x00000000e1b00000| PB 0x00000000e1b00000| Untracked 
|  28|0x00000000e1c00000, 0x00000000e1d00000, 0x00000000e1d00000|100%| O|  |TAMS 0x00000000e1c00000| PB 0x00000000e1c00000| Untracked 
|  29|0x00000000e1d00000, 0x00000000e1e00000, 0x00000000e1e00000|100%| O|  |TAMS 0x00000000e1d00000| PB 0x00000000e1d00000| Untracked 
|  30|0x00000000e1e00000, 0x00000000e1f00000, 0x00000000e1f00000|100%| O|  |TAMS 0x00000000e1e00000| PB 0x00000000e1e00000| Untracked 
|  31|0x00000000e1f00000, 0x00000000e1fe6600, 0x00000000e2000000| 89%| O|  |TAMS 0x00000000e1f00000| PB 0x00000000e1f00000| Untracked 
|  32|0x00000000e2000000, 0x00000000e2000000, 0x00000000e2100000|  0%| F|  |TAMS 0x00000000e2000000| PB 0x00000000e2000000| Untracked 
|  33|0x00000000e2100000, 0x00000000e2100000, 0x00000000e2200000|  0%| F|  |TAMS 0x00000000e2100000| PB 0x00000000e2100000| Untracked 
|  34|0x00000000e2200000, 0x00000000e2200000, 0x00000000e2300000|  0%| F|  |TAMS 0x00000000e2200000| PB 0x00000000e2200000| Untracked 
|  35|0x00000000e2300000, 0x00000000e2300000, 0x00000000e2400000|  0%| F|  |TAMS 0x00000000e2300000| PB 0x00000000e2300000| Untracked 
|  36|0x00000000e2400000, 0x00000000e2400000, 0x00000000e2500000|  0%| F|  |TAMS 0x00000000e2400000| PB 0x00000000e2400000| Untracked 
|  37|0x00000000e2500000, 0x00000000e2500000, 0x00000000e2600000|  0%| F|  |TAMS 0x00000000e2500000| PB 0x00000000e2500000| Untracked 
|  38|0x00000000e2600000, 0x00000000e2600000, 0x00000000e2700000|  0%| F|  |TAMS 0x00000000e2600000| PB 0x00000000e2600000| Untracked 
|  39|0x00000000e2700000, 0x00000000e2700000, 0x00000000e2800000|  0%| F|  |TAMS 0x00000000e2700000| PB 0x00000000e2700000| Untracked 
|  40|0x00000000e2800000, 0x00000000e2800000, 0x00000000e2900000|  0%| F|  |TAMS 0x00000000e2800000| PB 0x00000000e2800000| Untracked 
|  41|0x00000000e2900000, 0x00000000e2900000, 0x00000000e2a00000|  0%| F|  |TAMS 0x00000000e2900000| PB 0x00000000e2900000| Untracked 
|  42|0x00000000e2a00000, 0x00000000e2a00000, 0x00000000e2b00000|  0%| F|  |TAMS 0x00000000e2a00000| PB 0x00000000e2a00000| Untracked 
|  43|0x00000000e2b00000, 0x00000000e2b00000, 0x00000000e2c00000|  0%| F|  |TAMS 0x00000000e2b00000| PB 0x00000000e2b00000| Untracked 
|  44|0x00000000e2c00000, 0x00000000e2c00000, 0x00000000e2d00000|  0%| F|  |TAMS 0x00000000e2c00000| PB 0x00000000e2c00000| Untracked 
|  45|0x00000000e2d00000, 0x00000000e2d00000, 0x00000000e2e00000|  0%| F|  |TAMS 0x00000000e2d00000| PB 0x00000000e2d00000| Untracked 
|  46|0x00000000e2e00000, 0x00000000e2e00000, 0x00000000e2f00000|  0%| F|  |TAMS 0x00000000e2e00000| PB 0x00000000e2e00000| Untracked 
|  47|0x00000000e2f00000, 0x00000000e2f00000, 0x00000000e3000000|  0%| F|  |TAMS 0x00000000e2f00000| PB 0x00000000e2f00000| Untracked 
|  48|0x00000000e3000000, 0x00000000e3000000, 0x00000000e3100000|  0%| F|  |TAMS 0x00000000e3000000| PB 0x00000000e3000000| Untracked 
|  49|0x00000000e3100000, 0x00000000e3100000, 0x00000000e3200000|  0%| F|  |TAMS 0x00000000e3100000| PB 0x00000000e3100000| Untracked 
|  50|0x00000000e3200000, 0x00000000e3200000, 0x00000000e3300000|  0%| F|  |TAMS 0x00000000e3200000| PB 0x00000000e3200000| Untracked 
|  51|0x00000000e3300000, 0x00000000e3300000, 0x00000000e3400000|  0%| F|  |TAMS 0x00000000e3300000| PB 0x00000000e3300000| Untracked 
|  52|0x00000000e3400000, 0x00000000e3400000, 0x00000000e3500000|  0%| F|  |TAMS 0x00000000e3400000| PB 0x00000000e3400000| Untracked 
|  53|0x00000000e3500000, 0x00000000e3500000, 0x00000000e3600000|  0%| F|  |TAMS 0x00000000e3500000| PB 0x00000000e3500000| Untracked 
|  54|0x00000000e3600000, 0x00000000e3600000, 0x00000000e3700000|  0%| F|  |TAMS 0x00000000e3600000| PB 0x00000000e3600000| Untracked 
|  55|0x00000000e3700000, 0x00000000e3700000, 0x00000000e3800000|  0%| F|  |TAMS 0x00000000e3700000| PB 0x00000000e3700000| Untracked 
|  56|0x00000000e3800000, 0x00000000e3800000, 0x00000000e3900000|  0%| F|  |TAMS 0x00000000e3800000| PB 0x00000000e3800000| Untracked 
|  57|0x00000000e3900000, 0x00000000e3900000, 0x00000000e3a00000|  0%| F|  |TAMS 0x00000000e3900000| PB 0x00000000e3900000| Untracked 
|  58|0x00000000e3a00000, 0x00000000e3a00000, 0x00000000e3b00000|  0%| F|  |TAMS 0x00000000e3a00000| PB 0x00000000e3a00000| Untracked 
|  59|0x00000000e3b00000, 0x00000000e3b00000, 0x00000000e3c00000|  0%| F|  |TAMS 0x00000000e3b00000| PB 0x00000000e3b00000| Untracked 
|  60|0x00000000e3c00000, 0x00000000e3c00000, 0x00000000e3d00000|  0%| F|  |TAMS 0x00000000e3c00000| PB 0x00000000e3c00000| Untracked 
|  61|0x00000000e3d00000, 0x00000000e3d00000, 0x00000000e3e00000|  0%| F|  |TAMS 0x00000000e3d00000| PB 0x00000000e3d00000| Untracked 
|  62|0x00000000e3e00000, 0x00000000e3e00000, 0x00000000e3f00000|  0%| F|  |TAMS 0x00000000e3e00000| PB 0x00000000e3e00000| Untracked 
|  63|0x00000000e3f00000, 0x00000000e3f00000, 0x00000000e4000000|  0%| F|  |TAMS 0x00000000e3f00000| PB 0x00000000e3f00000| Untracked 
|  64|0x00000000e4000000, 0x00000000e4000000, 0x00000000e4100000|  0%| F|  |TAMS 0x00000000e4000000| PB 0x00000000e4000000| Untracked 
|  65|0x00000000e4100000, 0x00000000e4100000, 0x00000000e4200000|  0%| F|  |TAMS 0x00000000e4100000| PB 0x00000000e4100000| Untracked 
|  66|0x00000000e4200000, 0x00000000e4200000, 0x00000000e4300000|  0%| F|  |TAMS 0x00000000e4200000| PB 0x00000000e4200000| Untracked 
|  67|0x00000000e4300000, 0x00000000e4300000, 0x00000000e4400000|  0%| F|  |TAMS 0x00000000e4300000| PB 0x00000000e4300000| Untracked 
|  68|0x00000000e4400000, 0x00000000e4400000, 0x00000000e4500000|  0%| F|  |TAMS 0x00000000e4400000| PB 0x00000000e4400000| Untracked 
|  69|0x00000000e4500000, 0x00000000e4500000, 0x00000000e4600000|  0%| F|  |TAMS 0x00000000e4500000| PB 0x00000000e4500000| Untracked 
|  70|0x00000000e4600000, 0x00000000e4600000, 0x00000000e4700000|  0%| F|  |TAMS 0x00000000e4600000| PB 0x00000000e4600000| Untracked 
|  71|0x00000000e4700000, 0x00000000e4700000, 0x00000000e4800000|  0%| F|  |TAMS 0x00000000e4700000| PB 0x00000000e4700000| Untracked 
|  72|0x00000000e4800000, 0x00000000e4800000, 0x00000000e4900000|  0%| F|  |TAMS 0x00000000e4800000| PB 0x00000000e4800000| Untracked 
|  73|0x00000000e4900000, 0x00000000e4900000, 0x00000000e4a00000|  0%| F|  |TAMS 0x00000000e4900000| PB 0x00000000e4900000| Untracked 
|  74|0x00000000e4a00000, 0x00000000e4a00000, 0x00000000e4b00000|  0%| F|  |TAMS 0x00000000e4a00000| PB 0x00000000e4a00000| Untracked 
|  75|0x00000000e4b00000, 0x00000000e4b00000, 0x00000000e4c00000|  0%| F|  |TAMS 0x00000000e4b00000| PB 0x00000000e4b00000| Untracked 
|  76|0x00000000e4c00000, 0x00000000e4c00000, 0x00000000e4d00000|  0%| F|  |TAMS 0x00000000e4c00000| PB 0x00000000e4c00000| Untracked 
|  77|0x00000000e4d00000, 0x00000000e4d00000, 0x00000000e4e00000|  0%| F|  |TAMS 0x00000000e4d00000| PB 0x00000000e4d00000| Untracked 
|  78|0x00000000e4e00000, 0x00000000e4e00000, 0x00000000e4f00000|  0%| F|  |TAMS 0x00000000e4e00000| PB 0x00000000e4e00000| Untracked 
|  79|0x00000000e4f00000, 0x00000000e4f00000, 0x00000000e5000000|  0%| F|  |TAMS 0x00000000e4f00000| PB 0x00000000e4f00000| Untracked 
|  80|0x00000000e5000000, 0x00000000e5000000, 0x00000000e5100000|  0%| F|  |TAMS 0x00000000e5000000| PB 0x00000000e5000000| Untracked 
|  81|0x00000000e5100000, 0x00000000e5100000, 0x00000000e5200000|  0%| F|  |TAMS 0x00000000e5100000| PB 0x00000000e5100000| Untracked 
|  82|0x00000000e5200000, 0x00000000e5200000, 0x00000000e5300000|  0%| F|  |TAMS 0x00000000e5200000| PB 0x00000000e5200000| Untracked 
|  83|0x00000000e5300000, 0x00000000e5300000, 0x00000000e5400000|  0%| F|  |TAMS 0x00000000e5300000| PB 0x00000000e5300000| Untracked 
|  84|0x00000000e5400000, 0x00000000e5400000, 0x00000000e5500000|  0%| F|  |TAMS 0x00000000e5400000| PB 0x00000000e5400000| Untracked 
|  85|0x00000000e5500000, 0x00000000e5500000, 0x00000000e5600000|  0%| F|  |TAMS 0x00000000e5500000| PB 0x00000000e5500000| Untracked 
|  86|0x00000000e5600000, 0x00000000e5600000, 0x00000000e5700000|  0%| F|  |TAMS 0x00000000e5600000| PB 0x00000000e5600000| Untracked 
|  87|0x00000000e5700000, 0x00000000e5700000, 0x00000000e5800000|  0%| F|  |TAMS 0x00000000e5700000| PB 0x00000000e5700000| Untracked 
|  88|0x00000000e5800000, 0x00000000e5800000, 0x00000000e5900000|  0%| F|  |TAMS 0x00000000e5800000| PB 0x00000000e5800000| Untracked 
|  89|0x00000000e5900000, 0x00000000e5900000, 0x00000000e5a00000|  0%| F|  |TAMS 0x00000000e5900000| PB 0x00000000e5900000| Untracked 
|  90|0x00000000e5a00000, 0x00000000e5a00000, 0x00000000e5b00000|  0%| F|  |TAMS 0x00000000e5a00000| PB 0x00000000e5a00000| Untracked 
|  91|0x00000000e5b00000, 0x00000000e5b00000, 0x00000000e5c00000|  0%| F|  |TAMS 0x00000000e5b00000| PB 0x00000000e5b00000| Untracked 
|  92|0x00000000e5c00000, 0x00000000e5c00000, 0x00000000e5d00000|  0%| F|  |TAMS 0x00000000e5c00000| PB 0x00000000e5c00000| Untracked 
|  93|0x00000000e5d00000, 0x00000000e5d00000, 0x00000000e5e00000|  0%| F|  |TAMS 0x00000000e5d00000| PB 0x00000000e5d00000| Untracked 
|  94|0x00000000e5e00000, 0x00000000e5e00000, 0x00000000e5f00000|  0%| F|  |TAMS 0x00000000e5e00000| PB 0x00000000e5e00000| Untracked 
|  95|0x00000000e5f00000, 0x00000000e5f00000, 0x00000000e6000000|  0%| F|  |TAMS 0x00000000e5f00000| PB 0x00000000e5f00000| Untracked 
|  96|0x00000000e6000000, 0x00000000e6000000, 0x00000000e6100000|  0%| F|  |TAMS 0x00000000e6000000| PB 0x00000000e6000000| Untracked 
|  97|0x00000000e6100000, 0x00000000e6100000, 0x00000000e6200000|  0%| F|  |TAMS 0x00000000e6100000| PB 0x00000000e6100000| Untracked 
|  98|0x00000000e6200000, 0x00000000e6200000, 0x00000000e6300000|  0%| F|  |TAMS 0x00000000e6200000| PB 0x00000000e6200000| Untracked 
|  99|0x00000000e6300000, 0x00000000e6300000, 0x00000000e6400000|  0%| F|  |TAMS 0x00000000e6300000| PB 0x00000000e6300000| Untracked 
| 100|0x00000000e6400000, 0x00000000e6400000, 0x00000000e6500000|  0%| F|  |TAMS 0x00000000e6400000| PB 0x00000000e6400000| Untracked 
| 101|0x00000000e6500000, 0x00000000e6500000, 0x00000000e6600000|  0%| F|  |TAMS 0x00000000e6500000| PB 0x00000000e6500000| Untracked 
| 102|0x00000000e6600000, 0x00000000e6600000, 0x00000000e6700000|  0%| F|  |TAMS 0x00000000e6600000| PB 0x00000000e6600000| Untracked 
| 103|0x00000000e6700000, 0x00000000e6700000, 0x00000000e6800000|  0%| F|  |TAMS 0x00000000e6700000| PB 0x00000000e6700000| Untracked 
| 104|0x00000000e6800000, 0x00000000e6800000, 0x00000000e6900000|  0%| F|  |TAMS 0x00000000e6800000| PB 0x00000000e6800000| Untracked 
| 105|0x00000000e6900000, 0x00000000e6900000, 0x00000000e6a00000|  0%| F|  |TAMS 0x00000000e6900000| PB 0x00000000e6900000| Untracked 
| 106|0x00000000e6a00000, 0x00000000e6a00000, 0x00000000e6b00000|  0%| F|  |TAMS 0x00000000e6a00000| PB 0x00000000e6a00000| Untracked 
| 107|0x00000000e6b00000, 0x00000000e6b00000, 0x00000000e6c00000|  0%| F|  |TAMS 0x00000000e6b00000| PB 0x00000000e6b00000| Untracked 
| 108|0x00000000e6c00000, 0x00000000e6c00000, 0x00000000e6d00000|  0%| F|  |TAMS 0x00000000e6c00000| PB 0x00000000e6c00000| Untracked 
| 109|0x00000000e6d00000, 0x00000000e6d00000, 0x00000000e6e00000|  0%| F|  |TAMS 0x00000000e6d00000| PB 0x00000000e6d00000| Untracked 
| 110|0x00000000e6e00000, 0x00000000e6e00000, 0x00000000e6f00000|  0%| F|  |TAMS 0x00000000e6e00000| PB 0x00000000e6e00000| Untracked 
| 111|0x00000000e6f00000, 0x00000000e6f00000, 0x00000000e7000000|  0%| F|  |TAMS 0x00000000e6f00000| PB 0x00000000e6f00000| Untracked 
| 112|0x00000000e7000000, 0x00000000e7000000, 0x00000000e7100000|  0%| F|  |TAMS 0x00000000e7000000| PB 0x00000000e7000000| Untracked 
| 113|0x00000000e7100000, 0x00000000e7100000, 0x00000000e7200000|  0%| F|  |TAMS 0x00000000e7100000| PB 0x00000000e7100000| Untracked 
| 114|0x00000000e7200000, 0x00000000e7200000, 0x00000000e7300000|  0%| F|  |TAMS 0x00000000e7200000| PB 0x00000000e7200000| Untracked 
| 115|0x00000000e7300000, 0x00000000e7300000, 0x00000000e7400000|  0%| F|  |TAMS 0x00000000e7300000| PB 0x00000000e7300000| Untracked 
| 116|0x00000000e7400000, 0x00000000e7400000, 0x00000000e7500000|  0%| F|  |TAMS 0x00000000e7400000| PB 0x00000000e7400000| Untracked 
| 117|0x00000000e7500000, 0x00000000e7500000, 0x00000000e7600000|  0%| F|  |TAMS 0x00000000e7500000| PB 0x00000000e7500000| Untracked 
| 118|0x00000000e7600000, 0x00000000e7600000, 0x00000000e7700000|  0%| F|  |TAMS 0x00000000e7600000| PB 0x00000000e7600000| Untracked 
| 119|0x00000000e7700000, 0x00000000e7700000, 0x00000000e7800000|  0%| F|  |TAMS 0x00000000e7700000| PB 0x00000000e7700000| Untracked 
| 120|0x00000000e7800000, 0x00000000e7800000, 0x00000000e7900000|  0%| F|  |TAMS 0x00000000e7800000| PB 0x00000000e7800000| Untracked 
| 121|0x00000000e7900000, 0x00000000e7900000, 0x00000000e7a00000|  0%| F|  |TAMS 0x00000000e7900000| PB 0x00000000e7900000| Untracked 
| 122|0x00000000e7a00000, 0x00000000e7a00000, 0x00000000e7b00000|  0%| F|  |TAMS 0x00000000e7a00000| PB 0x00000000e7a00000| Untracked 
| 123|0x00000000e7b00000, 0x00000000e7b00000, 0x00000000e7c00000|  0%| F|  |TAMS 0x00000000e7b00000| PB 0x00000000e7b00000| Untracked 
| 124|0x00000000e7c00000, 0x00000000e7c00000, 0x00000000e7d00000|  0%| F|  |TAMS 0x00000000e7c00000| PB 0x00000000e7c00000| Untracked 
| 125|0x00000000e7d00000, 0x00000000e7d00000, 0x00000000e7e00000|  0%| F|  |TAMS 0x00000000e7d00000| PB 0x00000000e7d00000| Untracked 
| 126|0x00000000e7e00000, 0x00000000e7e00000, 0x00000000e7f00000|  0%| F|  |TAMS 0x00000000e7e00000| PB 0x00000000e7e00000| Untracked 
| 127|0x00000000e7f00000, 0x00000000e7f00000, 0x00000000e8000000|  0%| F|  |TAMS 0x00000000e7f00000| PB 0x00000000e7f00000| Untracked 
| 128|0x00000000e8000000, 0x00000000e8000000, 0x00000000e8100000|  0%| F|  |TAMS 0x00000000e8000000| PB 0x00000000e8000000| Untracked 
| 129|0x00000000e8100000, 0x00000000e8100000, 0x00000000e8200000|  0%| F|  |TAMS 0x00000000e8100000| PB 0x00000000e8100000| Untracked 
| 130|0x00000000e8200000, 0x00000000e8200000, 0x00000000e8300000|  0%| F|  |TAMS 0x00000000e8200000| PB 0x00000000e8200000| Untracked 
| 131|0x00000000e8300000, 0x00000000e8300000, 0x00000000e8400000|  0%| F|  |TAMS 0x00000000e8300000| PB 0x00000000e8300000| Untracked 
| 132|0x00000000e8400000, 0x00000000e8400000, 0x00000000e8500000|  0%| F|  |TAMS 0x00000000e8400000| PB 0x00000000e8400000| Untracked 
| 133|0x00000000e8500000, 0x00000000e8500000, 0x00000000e8600000|  0%| F|  |TAMS 0x00000000e8500000| PB 0x00000000e8500000| Untracked 
| 134|0x00000000e8600000, 0x00000000e8600000, 0x00000000e8700000|  0%| F|  |TAMS 0x00000000e8600000| PB 0x00000000e8600000| Untracked 
| 135|0x00000000e8700000, 0x00000000e8700000, 0x00000000e8800000|  0%| F|  |TAMS 0x00000000e8700000| PB 0x00000000e8700000| Untracked 
| 136|0x00000000e8800000, 0x00000000e8800000, 0x00000000e8900000|  0%| F|  |TAMS 0x00000000e8800000| PB 0x00000000e8800000| Untracked 
| 137|0x00000000e8900000, 0x00000000e8900000, 0x00000000e8a00000|  0%| F|  |TAMS 0x00000000e8900000| PB 0x00000000e8900000| Untracked 
| 138|0x00000000e8a00000, 0x00000000e8a00000, 0x00000000e8b00000|  0%| F|  |TAMS 0x00000000e8a00000| PB 0x00000000e8a00000| Untracked 
| 139|0x00000000e8b00000, 0x00000000e8b00000, 0x00000000e8c00000|  0%| F|  |TAMS 0x00000000e8b00000| PB 0x00000000e8b00000| Untracked 
| 140|0x00000000e8c00000, 0x00000000e8c00000, 0x00000000e8d00000|  0%| F|  |TAMS 0x00000000e8c00000| PB 0x00000000e8c00000| Untracked 
| 141|0x00000000e8d00000, 0x00000000e8d00000, 0x00000000e8e00000|  0%| F|  |TAMS 0x00000000e8d00000| PB 0x00000000e8d00000| Untracked 
| 142|0x00000000e8e00000, 0x00000000e8e00000, 0x00000000e8f00000|  0%| F|  |TAMS 0x00000000e8e00000| PB 0x00000000e8e00000| Untracked 
| 143|0x00000000e8f00000, 0x00000000e8f00000, 0x00000000e9000000|  0%| F|  |TAMS 0x00000000e8f00000| PB 0x00000000e8f00000| Untracked 
| 144|0x00000000e9000000, 0x00000000e9000000, 0x00000000e9100000|  0%| F|  |TAMS 0x00000000e9000000| PB 0x00000000e9000000| Untracked 
| 145|0x00000000e9100000, 0x00000000e9100000, 0x00000000e9200000|  0%| F|  |TAMS 0x00000000e9100000| PB 0x00000000e9100000| Untracked 
| 146|0x00000000e9200000, 0x00000000e9200000, 0x00000000e9300000|  0%| F|  |TAMS 0x00000000e9200000| PB 0x00000000e9200000| Untracked 
| 147|0x00000000e9300000, 0x00000000e9300000, 0x00000000e9400000|  0%| F|  |TAMS 0x00000000e9300000| PB 0x00000000e9300000| Untracked 
| 148|0x00000000e9400000, 0x00000000e9400000, 0x00000000e9500000|  0%| F|  |TAMS 0x00000000e9400000| PB 0x00000000e9400000| Untracked 
| 149|0x00000000e9500000, 0x00000000e9500000, 0x00000000e9600000|  0%| F|  |TAMS 0x00000000e9500000| PB 0x00000000e9500000| Untracked 
| 150|0x00000000e9600000, 0x00000000e9600000, 0x00000000e9700000|  0%| F|  |TAMS 0x00000000e9600000| PB 0x00000000e9600000| Untracked 
| 151|0x00000000e9700000, 0x00000000e9700000, 0x00000000e9800000|  0%| F|  |TAMS 0x00000000e9700000| PB 0x00000000e9700000| Untracked 
| 152|0x00000000e9800000, 0x00000000e9800000, 0x00000000e9900000|  0%| F|  |TAMS 0x00000000e9800000| PB 0x00000000e9800000| Untracked 
| 153|0x00000000e9900000, 0x00000000e9900000, 0x00000000e9a00000|  0%| F|  |TAMS 0x00000000e9900000| PB 0x00000000e9900000| Untracked 
| 154|0x00000000e9a00000, 0x00000000e9a00000, 0x00000000e9b00000|  0%| F|  |TAMS 0x00000000e9a00000| PB 0x00000000e9a00000| Untracked 
| 155|0x00000000e9b00000, 0x00000000e9b00000, 0x00000000e9c00000|  0%| F|  |TAMS 0x00000000e9b00000| PB 0x00000000e9b00000| Untracked 
| 156|0x00000000e9c00000, 0x00000000e9c00000, 0x00000000e9d00000|  0%| F|  |TAMS 0x00000000e9c00000| PB 0x00000000e9c00000| Untracked 
| 157|0x00000000e9d00000, 0x00000000e9d00000, 0x00000000e9e00000|  0%| F|  |TAMS 0x00000000e9d00000| PB 0x00000000e9d00000| Untracked 
| 158|0x00000000e9e00000, 0x00000000e9e00000, 0x00000000e9f00000|  0%| F|  |TAMS 0x00000000e9e00000| PB 0x00000000e9e00000| Untracked 
| 159|0x00000000e9f00000, 0x00000000e9f00000, 0x00000000ea000000|  0%| F|  |TAMS 0x00000000e9f00000| PB 0x00000000e9f00000| Untracked 
| 160|0x00000000ea000000, 0x00000000ea000000, 0x00000000ea100000|  0%| F|  |TAMS 0x00000000ea000000| PB 0x00000000ea000000| Untracked 
| 161|0x00000000ea100000, 0x00000000ea100000, 0x00000000ea200000|  0%| F|  |TAMS 0x00000000ea100000| PB 0x00000000ea100000| Untracked 
| 162|0x00000000ea200000, 0x00000000ea200000, 0x00000000ea300000|  0%| F|  |TAMS 0x00000000ea200000| PB 0x00000000ea200000| Untracked 
| 163|0x00000000ea300000, 0x00000000ea300000, 0x00000000ea400000|  0%| F|  |TAMS 0x00000000ea300000| PB 0x00000000ea300000| Untracked 
| 164|0x00000000ea400000, 0x00000000ea400000, 0x00000000ea500000|  0%| F|  |TAMS 0x00000000ea400000| PB 0x00000000ea400000| Untracked 
| 165|0x00000000ea500000, 0x00000000ea500000, 0x00000000ea600000|  0%| F|  |TAMS 0x00000000ea500000| PB 0x00000000ea500000| Untracked 
| 166|0x00000000ea600000, 0x00000000ea600000, 0x00000000ea700000|  0%| F|  |TAMS 0x00000000ea600000| PB 0x00000000ea600000| Untracked 
| 167|0x00000000ea700000, 0x00000000ea700000, 0x00000000ea800000|  0%| F|  |TAMS 0x00000000ea700000| PB 0x00000000ea700000| Untracked 
| 168|0x00000000ea800000, 0x00000000ea800000, 0x00000000ea900000|  0%| F|  |TAMS 0x00000000ea800000| PB 0x00000000ea800000| Untracked 
| 169|0x00000000ea900000, 0x00000000ea900000, 0x00000000eaa00000|  0%| F|  |TAMS 0x00000000ea900000| PB 0x00000000ea900000| Untracked 
| 170|0x00000000eaa00000, 0x00000000eaa00000, 0x00000000eab00000|  0%| F|  |TAMS 0x00000000eaa00000| PB 0x00000000eaa00000| Untracked 
| 171|0x00000000eab00000, 0x00000000eab00000, 0x00000000eac00000|  0%| F|  |TAMS 0x00000000eab00000| PB 0x00000000eab00000| Untracked 
| 172|0x00000000eac00000, 0x00000000eac00000, 0x00000000ead00000|  0%| F|  |TAMS 0x00000000eac00000| PB 0x00000000eac00000| Untracked 
| 173|0x00000000ead00000, 0x00000000ead00000, 0x00000000eae00000|  0%| F|  |TAMS 0x00000000ead00000| PB 0x00000000ead00000| Untracked 
| 174|0x00000000eae00000, 0x00000000eae00000, 0x00000000eaf00000|  0%| F|  |TAMS 0x00000000eae00000| PB 0x00000000eae00000| Untracked 
| 175|0x00000000eaf00000, 0x00000000eaf00000, 0x00000000eb000000|  0%| F|  |TAMS 0x00000000eaf00000| PB 0x00000000eaf00000| Untracked 
| 176|0x00000000eb000000, 0x00000000eb000000, 0x00000000eb100000|  0%| F|  |TAMS 0x00000000eb000000| PB 0x00000000eb000000| Untracked 
| 177|0x00000000eb100000, 0x00000000eb100000, 0x00000000eb200000|  0%| F|  |TAMS 0x00000000eb100000| PB 0x00000000eb100000| Untracked 
| 178|0x00000000eb200000, 0x00000000eb200000, 0x00000000eb300000|  0%| F|  |TAMS 0x00000000eb200000| PB 0x00000000eb200000| Untracked 
| 179|0x00000000eb300000, 0x00000000eb300000, 0x00000000eb400000|  0%| F|  |TAMS 0x00000000eb300000| PB 0x00000000eb300000| Untracked 
| 180|0x00000000eb400000, 0x00000000eb400000, 0x00000000eb500000|  0%| F|  |TAMS 0x00000000eb400000| PB 0x00000000eb400000| Untracked 
| 181|0x00000000eb500000, 0x00000000eb500000, 0x00000000eb600000|  0%| F|  |TAMS 0x00000000eb500000| PB 0x00000000eb500000| Untracked 
| 182|0x00000000eb600000, 0x00000000eb600000, 0x00000000eb700000|  0%| F|  |TAMS 0x00000000eb600000| PB 0x00000000eb600000| Untracked 
| 183|0x00000000eb700000, 0x00000000eb700000, 0x00000000eb800000|  0%| F|  |TAMS 0x00000000eb700000| PB 0x00000000eb700000| Untracked 
| 184|0x00000000eb800000, 0x00000000eb800000, 0x00000000eb900000|  0%| F|  |TAMS 0x00000000eb800000| PB 0x00000000eb800000| Untracked 
| 185|0x00000000eb900000, 0x00000000eb900000, 0x00000000eba00000|  0%| F|  |TAMS 0x00000000eb900000| PB 0x00000000eb900000| Untracked 
| 186|0x00000000eba00000, 0x00000000eba00000, 0x00000000ebb00000|  0%| F|  |TAMS 0x00000000eba00000| PB 0x00000000eba00000| Untracked 
| 187|0x00000000ebb00000, 0x00000000ebb00000, 0x00000000ebc00000|  0%| F|  |TAMS 0x00000000ebb00000| PB 0x00000000ebb00000| Untracked 
| 188|0x00000000ebc00000, 0x00000000ebc00000, 0x00000000ebd00000|  0%| F|  |TAMS 0x00000000ebc00000| PB 0x00000000ebc00000| Untracked 
| 189|0x00000000ebd00000, 0x00000000ebd00000, 0x00000000ebe00000|  0%| F|  |TAMS 0x00000000ebd00000| PB 0x00000000ebd00000| Untracked 
| 190|0x00000000ebe00000, 0x00000000ebe00000, 0x00000000ebf00000|  0%| F|  |TAMS 0x00000000ebe00000| PB 0x00000000ebe00000| Untracked 
| 191|0x00000000ebf00000, 0x00000000ebf00000, 0x00000000ec000000|  0%| F|  |TAMS 0x00000000ebf00000| PB 0x00000000ebf00000| Untracked 
| 192|0x00000000ec000000, 0x00000000ec000000, 0x00000000ec100000|  0%| F|  |TAMS 0x00000000ec000000| PB 0x00000000ec000000| Untracked 
| 193|0x00000000ec100000, 0x00000000ec100000, 0x00000000ec200000|  0%| F|  |TAMS 0x00000000ec100000| PB 0x00000000ec100000| Untracked 
| 194|0x00000000ec200000, 0x00000000ec200000, 0x00000000ec300000|  0%| F|  |TAMS 0x00000000ec200000| PB 0x00000000ec200000| Untracked 
| 195|0x00000000ec300000, 0x00000000ec300000, 0x00000000ec400000|  0%| F|  |TAMS 0x00000000ec300000| PB 0x00000000ec300000| Untracked 
| 196|0x00000000ec400000, 0x00000000ec400000, 0x00000000ec500000|  0%| F|  |TAMS 0x00000000ec400000| PB 0x00000000ec400000| Untracked 
| 197|0x00000000ec500000, 0x00000000ec500000, 0x00000000ec600000|  0%| F|  |TAMS 0x00000000ec500000| PB 0x00000000ec500000| Untracked 
| 198|0x00000000ec600000, 0x00000000ec600000, 0x00000000ec700000|  0%| F|  |TAMS 0x00000000ec600000| PB 0x00000000ec600000| Untracked 
| 199|0x00000000ec700000, 0x00000000ec700000, 0x00000000ec800000|  0%| F|  |TAMS 0x00000000ec700000| PB 0x00000000ec700000| Untracked 
| 200|0x00000000ec800000, 0x00000000ec800000, 0x00000000ec900000|  0%| F|  |TAMS 0x00000000ec800000| PB 0x00000000ec800000| Untracked 
| 201|0x00000000ec900000, 0x00000000ec900000, 0x00000000eca00000|  0%| F|  |TAMS 0x00000000ec900000| PB 0x00000000ec900000| Untracked 
| 202|0x00000000eca00000, 0x00000000eca00000, 0x00000000ecb00000|  0%| F|  |TAMS 0x00000000eca00000| PB 0x00000000eca00000| Untracked 
| 203|0x00000000ecb00000, 0x00000000ecb00000, 0x00000000ecc00000|  0%| F|  |TAMS 0x00000000ecb00000| PB 0x00000000ecb00000| Untracked 
| 204|0x00000000ecc00000, 0x00000000ecc00000, 0x00000000ecd00000|  0%| F|  |TAMS 0x00000000ecc00000| PB 0x00000000ecc00000| Untracked 
| 205|0x00000000ecd00000, 0x00000000ecd00000, 0x00000000ece00000|  0%| F|  |TAMS 0x00000000ecd00000| PB 0x00000000ecd00000| Untracked 
| 206|0x00000000ece00000, 0x00000000ece00000, 0x00000000ecf00000|  0%| F|  |TAMS 0x00000000ece00000| PB 0x00000000ece00000| Untracked 
| 207|0x00000000ecf00000, 0x00000000ecf00000, 0x00000000ed000000|  0%| F|  |TAMS 0x00000000ecf00000| PB 0x00000000ecf00000| Untracked 
| 208|0x00000000ed000000, 0x00000000ed000000, 0x00000000ed100000|  0%| F|  |TAMS 0x00000000ed000000| PB 0x00000000ed000000| Untracked 
| 209|0x00000000ed100000, 0x00000000ed100000, 0x00000000ed200000|  0%| F|  |TAMS 0x00000000ed100000| PB 0x00000000ed100000| Untracked 
| 210|0x00000000ed200000, 0x00000000ed200000, 0x00000000ed300000|  0%| F|  |TAMS 0x00000000ed200000| PB 0x00000000ed200000| Untracked 
| 211|0x00000000ed300000, 0x00000000ed300000, 0x00000000ed400000|  0%| F|  |TAMS 0x00000000ed300000| PB 0x00000000ed300000| Untracked 
| 212|0x00000000ed400000, 0x00000000ed400000, 0x00000000ed500000|  0%| F|  |TAMS 0x00000000ed400000| PB 0x00000000ed400000| Untracked 
| 213|0x00000000ed500000, 0x00000000ed500000, 0x00000000ed600000|  0%| F|  |TAMS 0x00000000ed500000| PB 0x00000000ed500000| Untracked 
| 214|0x00000000ed600000, 0x00000000ed600000, 0x00000000ed700000|  0%| F|  |TAMS 0x00000000ed600000| PB 0x00000000ed600000| Untracked 
| 215|0x00000000ed700000, 0x00000000ed700000, 0x00000000ed800000|  0%| F|  |TAMS 0x00000000ed700000| PB 0x00000000ed700000| Untracked 
| 216|0x00000000ed800000, 0x00000000ed800000, 0x00000000ed900000|  0%| F|  |TAMS 0x00000000ed800000| PB 0x00000000ed800000| Untracked 
| 217|0x00000000ed900000, 0x00000000ed900000, 0x00000000eda00000|  0%| F|  |TAMS 0x00000000ed900000| PB 0x00000000ed900000| Untracked 
| 218|0x00000000eda00000, 0x00000000eda00000, 0x00000000edb00000|  0%| F|  |TAMS 0x00000000eda00000| PB 0x00000000eda00000| Untracked 
| 219|0x00000000edb00000, 0x00000000edb00000, 0x00000000edc00000|  0%| F|  |TAMS 0x00000000edb00000| PB 0x00000000edb00000| Untracked 
| 220|0x00000000edc00000, 0x00000000edc00000, 0x00000000edd00000|  0%| F|  |TAMS 0x00000000edc00000| PB 0x00000000edc00000| Untracked 
| 221|0x00000000edd00000, 0x00000000edd00000, 0x00000000ede00000|  0%| F|  |TAMS 0x00000000edd00000| PB 0x00000000edd00000| Untracked 
| 222|0x00000000ede00000, 0x00000000ede00000, 0x00000000edf00000|  0%| F|  |TAMS 0x00000000ede00000| PB 0x00000000ede00000| Untracked 
| 223|0x00000000edf00000, 0x00000000edf00000, 0x00000000ee000000|  0%| F|  |TAMS 0x00000000edf00000| PB 0x00000000edf00000| Untracked 
| 224|0x00000000ee000000, 0x00000000ee000000, 0x00000000ee100000|  0%| F|  |TAMS 0x00000000ee000000| PB 0x00000000ee000000| Untracked 
| 225|0x00000000ee100000, 0x00000000ee100000, 0x00000000ee200000|  0%| F|  |TAMS 0x00000000ee100000| PB 0x00000000ee100000| Untracked 
| 226|0x00000000ee200000, 0x00000000ee200000, 0x00000000ee300000|  0%| F|  |TAMS 0x00000000ee200000| PB 0x00000000ee200000| Untracked 
| 227|0x00000000ee300000, 0x00000000ee300000, 0x00000000ee400000|  0%| F|  |TAMS 0x00000000ee300000| PB 0x00000000ee300000| Untracked 
| 228|0x00000000ee400000, 0x00000000ee400000, 0x00000000ee500000|  0%| F|  |TAMS 0x00000000ee400000| PB 0x00000000ee400000| Untracked 
| 229|0x00000000ee500000, 0x00000000ee500000, 0x00000000ee600000|  0%| F|  |TAMS 0x00000000ee500000| PB 0x00000000ee500000| Untracked 
| 230|0x00000000ee600000, 0x00000000ee600000, 0x00000000ee700000|  0%| F|  |TAMS 0x00000000ee600000| PB 0x00000000ee600000| Untracked 
| 231|0x00000000ee700000, 0x00000000ee700000, 0x00000000ee800000|  0%| F|  |TAMS 0x00000000ee700000| PB 0x00000000ee700000| Untracked 
| 232|0x00000000ee800000, 0x00000000ee800000, 0x00000000ee900000|  0%| F|  |TAMS 0x00000000ee800000| PB 0x00000000ee800000| Untracked 
| 233|0x00000000ee900000, 0x00000000ee900000, 0x00000000eea00000|  0%| F|  |TAMS 0x00000000ee900000| PB 0x00000000ee900000| Untracked 
| 234|0x00000000eea00000, 0x00000000eea00000, 0x00000000eeb00000|  0%| F|  |TAMS 0x00000000eea00000| PB 0x00000000eea00000| Untracked 
| 235|0x00000000eeb00000, 0x00000000eeb00000, 0x00000000eec00000|  0%| F|  |TAMS 0x00000000eeb00000| PB 0x00000000eeb00000| Untracked 
| 236|0x00000000eec00000, 0x00000000eec00000, 0x00000000eed00000|  0%| F|  |TAMS 0x00000000eec00000| PB 0x00000000eec00000| Untracked 
| 237|0x00000000eed00000, 0x00000000eed00000, 0x00000000eee00000|  0%| F|  |TAMS 0x00000000eed00000| PB 0x00000000eed00000| Untracked 
| 238|0x00000000eee00000, 0x00000000eee00000, 0x00000000eef00000|  0%| F|  |TAMS 0x00000000eee00000| PB 0x00000000eee00000| Untracked 
| 239|0x00000000eef00000, 0x00000000eef00000, 0x00000000ef000000|  0%| F|  |TAMS 0x00000000eef00000| PB 0x00000000eef00000| Untracked 
| 240|0x00000000ef000000, 0x00000000ef000000, 0x00000000ef100000|  0%| F|  |TAMS 0x00000000ef000000| PB 0x00000000ef000000| Untracked 
| 241|0x00000000ef100000, 0x00000000ef100000, 0x00000000ef200000|  0%| F|  |TAMS 0x00000000ef100000| PB 0x00000000ef100000| Untracked 
| 242|0x00000000ef200000, 0x00000000ef2358b0, 0x00000000ef300000| 20%| S|CS|TAMS 0x00000000ef200000| PB 0x00000000ef200000| Complete 
| 243|0x00000000ef300000, 0x00000000ef300000, 0x00000000ef400000|  0%| F|  |TAMS 0x00000000ef300000| PB 0x00000000ef300000| Untracked 
| 244|0x00000000ef400000, 0x00000000ef500000, 0x00000000ef500000|100%| S|CS|TAMS 0x00000000ef400000| PB 0x00000000ef400000| Complete 
| 245|0x00000000ef500000, 0x00000000ef500000, 0x00000000ef600000|  0%| F|  |TAMS 0x00000000ef500000| PB 0x00000000ef500000| Untracked 
| 246|0x00000000ef600000, 0x00000000ef600000, 0x00000000ef700000|  0%| F|  |TAMS 0x00000000ef600000| PB 0x00000000ef600000| Untracked 
| 247|0x00000000ef700000, 0x00000000ef777168, 0x00000000ef800000| 46%| E|  |TAMS 0x00000000ef700000| PB 0x00000000ef700000| Complete 
| 248|0x00000000ef800000, 0x00000000ef900000, 0x00000000ef900000|100%| E|CS|TAMS 0x00000000ef800000| PB 0x00000000ef800000| Complete 
| 249|0x00000000ef900000, 0x00000000efa00000, 0x00000000efa00000|100%| E|CS|TAMS 0x00000000ef900000| PB 0x00000000ef900000| Complete 
| 250|0x00000000efa00000, 0x00000000efb00000, 0x00000000efb00000|100%| E|CS|TAMS 0x00000000efa00000| PB 0x00000000efa00000| Complete 
| 251|0x00000000efb00000, 0x00000000efc00000, 0x00000000efc00000|100%| E|CS|TAMS 0x00000000efb00000| PB 0x00000000efb00000| Complete 
| 252|0x00000000efc00000, 0x00000000efd00000, 0x00000000efd00000|100%| E|CS|TAMS 0x00000000efc00000| PB 0x00000000efc00000| Complete 
| 253|0x00000000efd00000, 0x00000000efe00000, 0x00000000efe00000|100%| E|CS|TAMS 0x00000000efd00000| PB 0x00000000efd00000| Complete 
| 254|0x00000000efe00000, 0x00000000eff00000, 0x00000000eff00000|100%| E|CS|TAMS 0x00000000efe00000| PB 0x00000000efe00000| Complete 
| 255|0x00000000eff00000, 0x00000000f0000000, 0x00000000f0000000|100%| E|CS|TAMS 0x00000000eff00000| PB 0x00000000eff00000| Complete 

Card table byte_map: [0x00000232f34f0000,0x00000232f35f0000] _byte_map_base: 0x00000232f2df0000

Marking Bits: (CMBitMap*) 0x00000232eae06040
 Bits: [0x00000232f36f0000, 0x00000232f3ef0000)

Polling page: 0x00000232e8d80000

Metaspace:

Usage:
  Non-class:     31.71 MB used.
      Class:      5.13 MB used.
       Both:     36.84 MB used.

Virtual space:
  Non-class space:       64.00 MB reserved,      32.38 MB ( 51%) committed,  1 nodes.
      Class space:      308.00 MB reserved,       5.75 MB (  2%) committed,  1 nodes.
             Both:      372.00 MB reserved,      38.12 MB ( 10%) committed. 

Chunk freelists:
   Non-Class:  3.49 MB
       Class:  2.27 MB
        Both:  5.76 MB

MaxMetaspaceSize: 384.00 MB
CompressedClassSpaceSize: 308.00 MB
Initial GC threshold: 21.00 MB
Current GC threshold: 58.88 MB
CDS: on
MetaspaceReclaimPolicy: balanced
 - commit_granule_bytes: 65536.
 - commit_granule_words: 8192.
 - virtual_space_node_default_size: 8388608.
 - enlarge_chunks_in_place: 1.
 - new_chunks_are_fully_committed: 0.
 - uncommit_free_chunks: 1.
 - use_allocation_guard: 0.


Internal statistics:

num_allocs_failed_limit: 6.
num_arena_births: 2098.
num_arena_deaths: 0.
num_vsnodes_births: 2.
num_vsnodes_deaths: 0.
num_space_committed: 610.
num_space_uncommitted: 0.
num_chunks_returned_to_freelist: 6.
num_chunks_taken_from_freelist: 3647.
num_chunk_merges: 6.
num_chunk_splits: 2405.
num_chunks_enlarged: 1564.
num_inconsistent_stats: 0.

CodeHeap 'non-profiled nmethods': size=120000Kb used=2660Kb max_used=2710Kb free=117339Kb
 bounds [0x0000023287ad0000, 0x0000023287d80000, 0x000002328f000000]
CodeHeap 'profiled nmethods': size=120000Kb used=8479Kb max_used=9377Kb free=111520Kb
 bounds [0x0000023280000000, 0x0000023280930000, 0x0000023287530000]
CodeHeap 'non-nmethods': size=5760Kb used=2733Kb max_used=2763Kb free=3026Kb
 bounds [0x0000023287530000, 0x00000232877f0000, 0x0000023287ad0000]
 total_blobs=5303 nmethods=4484 adapters=728
 compilation: enabled
              stopped_count=0, restarted_count=0
 full_count=0

Compilation events (20 events):
Event: 472.698 Thread 0x00000232fad1b1e0 nmethod 5017 0x00000232801c1e90 code [0x00000232801c2040, 0x00000232801c2268]
Event: 472.698 Thread 0x00000232fad1b1e0 5018       3       java.util.concurrent.ScheduledThreadPoolExecutor::reExecutePeriodic (49 bytes)
Event: 472.699 Thread 0x00000232fad1b1e0 nmethod 5018 0x0000023280201490 code [0x00000232802016a0, 0x0000023280201d00]
Event: 472.701 Thread 0x00000232fad1b1e0 5019       3       java.util.Spliterators::spliterator (16 bytes)
Event: 472.702 Thread 0x00000232fad1b1e0 nmethod 5019 0x00000232801c4410 code [0x00000232801c45c0, 0x00000232801c48b8]
Event: 472.702 Thread 0x00000232fad1b1e0 5020       3       java.util.Spliterators$ArraySpliterator::<init> (10 bytes)
Event: 472.702 Thread 0x00000232fad1b1e0 nmethod 5020 0x00000232804b3c90 code [0x00000232804b3e20, 0x00000232804b3f60]
Event: 472.702 Thread 0x00000232fad1b1e0 5021       3       com.google.common.collect.ImmutableSet$RegularSetBuilderImpl::insertInHashTable (125 bytes)
Event: 472.704 Thread 0x00000232fad1b1e0 nmethod 5021 0x0000023280056f90 code [0x00000232800571e0, 0x0000023280057bd0]
Event: 479.126 Thread 0x00000232fad1a860 5022       4       org.gradle.internal.remote.internal.inet.MultiChoiceAddressSerializer::read (95 bytes)
Event: 479.883 Thread 0x00000232fad1b1e0 5024       3       java.lang.invoke.MethodHandles::identity (87 bytes)
Event: 479.907 Thread 0x00000232fad1b1e0 nmethod 5024 0x00000232801c3b90 code [0x00000232801c3d80, 0x00000232801c41a0]
Event: 480.574 Thread 0x00000232fad1a860 nmethod 5022 0x0000023287ba7090 code [0x0000023287ba7300, 0x0000023287ba9068]
Event: 480.627 Thread 0x00000232fad1a860 5023       4       org.gradle.internal.remote.internal.inet.MultiChoiceAddress::hashCode (8 bytes)
Event: 480.630 Thread 0x00000232fad1a860 nmethod 5023 0x0000023287bb7310 code [0x0000023287bb7480, 0x0000023287bb7528]
Event: 482.953 Thread 0x00000232fad1b1e0 5025       3       sun.reflect.generics.parser.SignatureParser::parseTypeArguments (109 bytes)
Event: 482.955 Thread 0x00000232fad1b1e0 nmethod 5025 0x00000232800c2210 code [0x00000232800c24a0, 0x00000232800c31a0]
Event: 485.125 Thread 0x00000232fad1a860 5026       4       java.util.stream.Sink$ChainedReference::end (10 bytes)
Event: 485.126 Thread 0x00000232fad1a860 nmethod 5026 0x0000023287bb6e10 code [0x0000023287bb6f80, 0x0000023287bb7028]
Event: 487.277 Thread 0x00000232fad1a860 5027       4       jdk.internal.org.objectweb.asm.MethodWriter::visitTypeInsn (116 bytes)

GC Heap History (16 events):
Event: 1.151 GC heap before
{Heap before GC invocations=0 (full 0):
 garbage-first heap   total 262144K, used 22528K [0x00000000e0000000, 0x0000000100000000)
  region size 1024K, 23 young (23552K), 0 survivors (0K)
 Metaspace       used 1025K, committed 1152K, reserved 380928K
  class space    used 74K, committed 128K, reserved 315392K
}
Event: 1.227 GC heap after
{Heap after GC invocations=1 (full 0):
 garbage-first heap   total 262144K, used 2741K [0x00000000e0000000, 0x0000000100000000)
  region size 1024K, 3 young (3072K), 3 survivors (3072K)
 Metaspace       used 1025K, committed 1152K, reserved 380928K
  class space    used 74K, committed 128K, reserved 315392K
}
Event: 3.520 GC heap before
{Heap before GC invocations=1 (full 0):
 garbage-first heap   total 262144K, used 40629K [0x00000000e0000000, 0x0000000100000000)
  region size 1024K, 38 young (38912K), 3 survivors (3072K)
 Metaspace       used 4325K, committed 4480K, reserved 380928K
  class space    used 539K, committed 640K, reserved 315392K
}
Event: 3.526 GC heap after
{Heap after GC invocations=2 (full 0):
 garbage-first heap   total 262144K, used 10883K [0x00000000e0000000, 0x0000000100000000)
  region size 1024K, 5 young (5120K), 5 survivors (5120K)
 Metaspace       used 4325K, committed 4480K, reserved 380928K
  class space    used 539K, committed 640K, reserved 315392K
}
Event: 5.887 GC heap before
{Heap before GC invocations=2 (full 0):
 garbage-first heap   total 262144K, used 62083K [0x00000000e0000000, 0x0000000100000000)
  region size 1024K, 53 young (54272K), 5 survivors (5120K)
 Metaspace       used 5920K, committed 6144K, reserved 380928K
  class space    used 781K, committed 896K, reserved 315392K
}
Event: 5.896 GC heap after
{Heap after GC invocations=3 (full 0):
 garbage-first heap   total 262144K, used 17855K [0x00000000e0000000, 0x0000000100000000)
  region size 1024K, 6 young (6144K), 6 survivors (6144K)
 Metaspace       used 5920K, committed 6144K, reserved 380928K
  class space    used 781K, committed 896K, reserved 315392K
}
Event: 35.596 GC heap before
{Heap before GC invocations=3 (full 0):
 garbage-first heap   total 262144K, used 105919K [0x00000000e0000000, 0x0000000100000000)
  region size 1024K, 93 young (95232K), 6 survivors (6144K)
 Metaspace       used 20890K, committed 21504K, reserved 380928K
  class space    used 3010K, committed 3328K, reserved 315392K
}
Event: 35.644 GC heap after
{Heap after GC invocations=4 (full 0):
 garbage-first heap   total 262144K, used 24142K [0x00000000e0000000, 0x0000000100000000)
  region size 1024K, 12 young (12288K), 12 survivors (12288K)
 Metaspace       used 20890K, committed 21504K, reserved 380928K
  class space    used 3010K, committed 3328K, reserved 315392K
}
Event: 358.345 GC heap before
{Heap before GC invocations=5 (full 0):
 garbage-first heap   total 262144K, used 156238K [0x00000000e0000000, 0x0000000100000000)
  region size 1024K, 138 young (141312K), 12 survivors (12288K)
 Metaspace       used 35047K, committed 36096K, reserved 380928K
  class space    used 4802K, committed 5376K, reserved 315392K
}
Event: 360.020 GC heap after
{Heap after GC invocations=6 (full 0):
 garbage-first heap   total 262144K, used 32301K [0x00000000e0000000, 0x0000000100000000)
  region size 1024K, 15 young (15360K), 15 survivors (15360K)
 Metaspace       used 35047K, committed 36096K, reserved 380928K
  class space    used 4802K, committed 5376K, reserved 315392K
}
Event: 361.137 GC heap before
{Heap before GC invocations=6 (full 0):
 garbage-first heap   total 262144K, used 33325K [0x00000000e0000000, 0x0000000100000000)
  region size 1024K, 16 young (16384K), 15 survivors (15360K)
 Metaspace       used 35054K, committed 36160K, reserved 380928K
  class space    used 4802K, committed 5376K, reserved 315392K
}
Event: 361.169 GC heap after
{Heap after GC invocations=7 (full 0):
 garbage-first heap   total 262144K, used 33619K [0x00000000e0000000, 0x0000000100000000)
  region size 1024K, 2 young (2048K), 2 survivors (2048K)
 Metaspace       used 35054K, committed 36160K, reserved 380928K
  class space    used 4802K, committed 5376K, reserved 315392K
}
Event: 423.908 GC heap before
{Heap before GC invocations=8 (full 0):
 garbage-first heap   total 262144K, used 43859K [0x00000000e0000000, 0x0000000100000000)
  region size 1024K, 12 young (12288K), 2 survivors (2048K)
 Metaspace       used 35882K, committed 36992K, reserved 380928K
  class space    used 4941K, committed 5504K, reserved 315392K
}
Event: 423.996 GC heap after
{Heap after GC invocations=9 (full 0):
 garbage-first heap   total 262144K, used 32663K [0x00000000e0000000, 0x0000000100000000)
  region size 1024K, 1 young (1024K), 1 survivors (1024K)
 Metaspace       used 35882K, committed 36992K, reserved 380928K
  class space    used 4941K, committed 5504K, reserved 315392K
}
Event: 452.430 GC heap before
{Heap before GC invocations=9 (full 0):
 garbage-first heap   total 262144K, used 43927K [0x00000000e0000000, 0x0000000100000000)
  region size 1024K, 12 young (12288K), 1 survivors (1024K)
 Metaspace       used 36876K, committed 38016K, reserved 380928K
  class space    used 5108K, committed 5696K, reserved 315392K
}
Event: 456.582 GC heap after
{Heap after GC invocations=10 (full 0):
 garbage-first heap   total 262144K, used 32879K [0x00000000e0000000, 0x0000000100000000)
  region size 1024K, 2 young (2048K), 2 survivors (2048K)
 Metaspace       used 36876K, committed 38016K, reserved 380928K
  class space    used 5108K, committed 5696K, reserved 315392K
}

Dll operation events (15 events):
Event: 0.019 Loaded shared library C:\Program Files\Java\jdk-20\bin\java.dll
Event: 0.059 Loaded shared library C:\Program Files\Java\jdk-20\bin\jsvml.dll
Event: 0.181 Loaded shared library C:\Program Files\Java\jdk-20\bin\zip.dll
Event: 0.203 Loaded shared library C:\Program Files\Java\jdk-20\bin\instrument.dll
Event: 0.216 Loaded shared library C:\Program Files\Java\jdk-20\bin\net.dll
Event: 0.224 Loaded shared library C:\Program Files\Java\jdk-20\bin\nio.dll
Event: 0.229 Loaded shared library C:\Program Files\Java\jdk-20\bin\zip.dll
Event: 0.928 Loaded shared library C:\Program Files\Java\jdk-20\bin\jimage.dll
Event: 1.389 Loaded shared library C:\Program Files\Java\jdk-20\bin\verify.dll
Event: 1.868 Loaded shared library C:\Users\ASUS\.gradle\native\1def1411415f61bf3af743bc5b6707747c0891f09f0c88961ee8f79bc544acac\windows-amd64\native-platform.dll
Event: 1.892 Loaded shared library C:\Users\ASUS\.gradle\native\0.2.7\x86_64-windows-gnu\gradle-fileevents.dll
Event: 5.961 Loaded shared library C:\Program Files\Java\jdk-20\bin\management.dll
Event: 5.971 Loaded shared library C:\Program Files\Java\jdk-20\bin\management_ext.dll
Event: 7.422 Loaded shared library C:\Program Files\Java\jdk-20\bin\extnet.dll
Event: 8.523 Loaded shared library C:\Program Files\Java\jdk-20\bin\sunmscapi.dll

Deoptimization events (20 events):
Event: 425.030 Thread 0x00000232fb3603a0 Uncommon trap: trap_request=0xffffffbe fr.pc=0x0000023287b1fea0 relative=0x0000000000000f40
Event: 425.030 Thread 0x00000232fb3603a0 Uncommon trap: reason=profile_predicate action=maybe_recompile pc=0x0000023287b1fea0 method=java.lang.invoke.InvokerBytecodeGenerator.<init>(Ljava/lang/String;Ljava/lang/String;Ljava/lang/invoke/LambdaForm;Ljava/lang/invoke/MethodType;)V @ 33 c2
Event: 425.030 Thread 0x00000232fb3603a0 DEOPT PACKING pc=0x0000023287b1fea0 sp=0x000000dbca7f7b50
Event: 425.030 Thread 0x00000232fb3603a0 DEOPT UNPACKING pc=0x0000023287599d22 sp=0x000000dbca7f7b00 mode 2
Event: 425.031 Thread 0x00000232fb3603a0 Uncommon trap: trap_request=0xffffffbe fr.pc=0x0000023287b1fea0 relative=0x0000000000000f40
Event: 425.031 Thread 0x00000232fb3603a0 Uncommon trap: reason=profile_predicate action=maybe_recompile pc=0x0000023287b1fea0 method=java.lang.invoke.InvokerBytecodeGenerator.<init>(Ljava/lang/String;Ljava/lang/String;Ljava/lang/invoke/LambdaForm;Ljava/lang/invoke/MethodType;)V @ 33 c2
Event: 425.031 Thread 0x00000232fb3603a0 DEOPT PACKING pc=0x0000023287b1fea0 sp=0x000000dbca7f7b70
Event: 425.031 Thread 0x00000232fb3603a0 DEOPT UNPACKING pc=0x0000023287599d22 sp=0x000000dbca7f7b20 mode 2
Event: 425.031 Thread 0x00000232fb3603a0 Uncommon trap: trap_request=0xffffffbe fr.pc=0x0000023287b1fea0 relative=0x0000000000000f40
Event: 425.031 Thread 0x00000232fb3603a0 Uncommon trap: reason=profile_predicate action=maybe_recompile pc=0x0000023287b1fea0 method=java.lang.invoke.InvokerBytecodeGenerator.<init>(Ljava/lang/String;Ljava/lang/String;Ljava/lang/invoke/LambdaForm;Ljava/lang/invoke/MethodType;)V @ 33 c2
Event: 425.031 Thread 0x00000232fb3603a0 DEOPT PACKING pc=0x0000023287b1fea0 sp=0x000000dbca7f7a90
Event: 425.031 Thread 0x00000232fb3603a0 DEOPT UNPACKING pc=0x0000023287599d22 sp=0x000000dbca7f7a40 mode 2
Event: 425.032 Thread 0x00000232fb3603a0 Uncommon trap: trap_request=0xffffffbe fr.pc=0x0000023287b1fea0 relative=0x0000000000000f40
Event: 425.032 Thread 0x00000232fb3603a0 Uncommon trap: reason=profile_predicate action=maybe_recompile pc=0x0000023287b1fea0 method=java.lang.invoke.InvokerBytecodeGenerator.<init>(Ljava/lang/String;Ljava/lang/String;Ljava/lang/invoke/LambdaForm;Ljava/lang/invoke/MethodType;)V @ 33 c2
Event: 425.032 Thread 0x00000232fb3603a0 DEOPT PACKING pc=0x0000023287b1fea0 sp=0x000000dbca7f7a80
Event: 425.032 Thread 0x00000232fb3603a0 DEOPT UNPACKING pc=0x0000023287599d22 sp=0x000000dbca7f7a30 mode 2
Event: 432.083 Thread 0x00000232fb3603a0 Uncommon trap: trap_request=0xffffffde fr.pc=0x0000023287d305ac relative=0x00000000000024ec
Event: 432.083 Thread 0x00000232fb3603a0 Uncommon trap: reason=class_check action=maybe_recompile pc=0x0000023287d305ac method=java.util.regex.Pattern$CharProperty.study(Ljava/util/regex/Pattern$TreeInfo;)Z @ 25 c2
Event: 432.083 Thread 0x00000232fb3603a0 DEOPT PACKING pc=0x0000023287d305ac sp=0x000000dbca7f6d80
Event: 432.087 Thread 0x00000232fb3603a0 DEOPT UNPACKING pc=0x0000023287599d22 sp=0x000000dbca7f6c78 mode 2

Classes loaded (20 events):
Event: 215.660 Loading class sun/reflect/generics/tree/IntSignature
Event: 215.661 Loading class sun/reflect/generics/tree/IntSignature done
Event: 215.661 Loading class sun/reflect/generics/tree/ArrayTypeSignature
Event: 215.661 Loading class sun/reflect/generics/tree/ArrayTypeSignature done
Event: 216.357 Loading class com/sun/beans/finder/MethodFinder
Event: 216.444 Loading class com/sun/beans/finder/AbstractFinder
Event: 216.447 Loading class com/sun/beans/finder/AbstractFinder done
Event: 216.447 Loading class com/sun/beans/finder/MethodFinder done
Event: 216.447 Loading class com/sun/beans/finder/MethodFinder$1
Event: 216.448 Loading class com/sun/beans/finder/MethodFinder$1 done
Event: 216.451 Loading class com/sun/beans/finder/FinderUtils
Event: 216.452 Loading class com/sun/beans/finder/FinderUtils done
Event: 361.483 Loading class java/util/function/IntBinaryOperator
Event: 361.826 Loading class java/util/function/IntBinaryOperator done
Event: 419.646 Loading class java/lang/invoke/SerializedLambda
Event: 419.651 Loading class java/lang/invoke/SerializedLambda done
Event: 423.596 Loading class java/lang/SafeVarargs
Event: 423.819 Loading class java/lang/SafeVarargs done
Event: 442.226 Loading class jdk/internal/reflect/MethodHandleIntegerFieldAccessorImpl
Event: 442.592 Loading class jdk/internal/reflect/MethodHandleIntegerFieldAccessorImpl done

Classes unloaded (0 events):
No events

Classes redefined (0 events):
No events

Internal exceptions (20 events):
Event: 216.356 Thread 0x00000232fb3603a0 Exception <a 'java/lang/ClassNotFoundException'{0x00000000e844e908}: groovy/lang/Closure$1Customizer> (0x00000000e844e908) 
thrown [s\open\src\hotspot\share\classfile\systemDictionary.cpp, line 305]
Event: 349.757 Thread 0x00000232fb3603a0 Exception <a 'java/lang/ClassNotFoundException'{0x00000000e775b060}: ijresolvers1_53sderka6ohh3rexh13m08x4oBeanInfo> (0x00000000e775b060) 
thrown [s\open\src\hotspot\share\classfile\systemDictionary.cpp, line 305]
Event: 349.758 Thread 0x00000232fb3603a0 Exception <a 'java/lang/ClassNotFoundException'{0x00000000e7760fe8}: ijresolvers1_53sderka6ohh3rexh13m08x4oCustomizer> (0x00000000e7760fe8) 
thrown [s\open\src\hotspot\share\classfile\systemDictionary.cpp, line 305]
Event: 352.303 Thread 0x00000232fb3603a0 Exception <a 'java/lang/ClassNotFoundException'{0x00000000e77b2928}: org/gradle/internal/metaobject/ConfigureDelegateBeanInfo> (0x00000000e77b2928) 
thrown [s\open\src\hotspot\share\classfile\systemDictionary.cpp, line 305]
Event: 352.398 Thread 0x00000232fb3603a0 Exception <a 'java/lang/ClassNotFoundException'{0x00000000e7640228}: org/gradle/internal/metaobject/ConfigureDelegateCustomizer> (0x00000000e7640228) 
thrown [s\open\src\hotspot\share\classfile\systemDictionary.cpp, line 305]
Event: 364.362 Thread 0x00000232fb3603a0 Exception <a 'java/lang/ClassNotFoundException'{0x00000000effcb500}: org/gradle/api/internal/initialization/DefaultScriptHandler_DecoratedBeanInfo> (0x00000000effcb500) 
thrown [s\open\src\hotspot\share\classfile\systemDictionary.cpp, line 305]
Event: 364.948 Thread 0x00000232fb3603a0 Exception <a 'java/lang/ClassNotFoundException'{0x00000000effda8b0}: org/gradle/api/internal/initialization/DefaultScriptHandlerBeanInfo> (0x00000000effda8b0) 
thrown [s\open\src\hotspot\share\classfile\systemDictionary.cpp, line 305]
Event: 364.992 Thread 0x00000232fb3603a0 Exception <a 'java/lang/ClassNotFoundException'{0x00000000effea120}: org/gradle/api/internal/initialization/DefaultScriptHandlerCustomizer> (0x00000000effea120) 
thrown [s\open\src\hotspot\share\classfile\systemDictionary.cpp, line 305]
Event: 366.542 Thread 0x00000232fb3603a0 Exception <a 'java/lang/ClassNotFoundException'{0x00000000efc05788}: org/gradle/api/internal/initialization/DefaultScriptHandler_DecoratedCustomizer> (0x00000000efc05788) 
thrown [s\open\src\hotspot\share\classfile\systemDictionary.cpp, line 305]
Event: 421.058 Thread 0x00000232fb3603a0 Implicit null exception at 0x0000023287b5e79a to 0x0000023287b5e9bc
Event: 441.761 Thread 0x00000232fb3603a0 Exception <a 'java/lang/NoSuchMethodError'{0x00000000ef83a080}: 'java.lang.Object java.lang.invoke.DirectMethodHandle$Holder.newInvokeSpecial(java.lang.Object, java.lang.Object, int, int)'> (0x00000000ef83a080) 
thrown [s\open\src\hotspot\share\interpreter\linkResolver.cpp, line 773]
Event: 441.762 Thread 0x00000232fb3603a0 Exception <a 'java/lang/NoSuchMethodError'{0x00000000ef83f2b0}: 'java.lang.Object java.lang.invoke.DirectMethodHandle$Holder.invokeSpecial(java.lang.Object, java.lang.Object, java.lang.Object, int, int)'> (0x00000000ef83f2b0) 
thrown [s\open\src\hotspot\share\interpreter\linkResolver.cpp, line 773]
Event: 442.595 Thread 0x00000232fb3603a0 Exception <a 'java/lang/NoSuchMethodError'{0x00000000ef87a280}: 'void java.lang.invoke.DirectMethodHandle$Holder.invokeSpecial(java.lang.Object, java.lang.Object, int)'> (0x00000000ef87a280) 
thrown [s\open\src\hotspot\share\interpreter\linkResolver.cpp, line 773]
Event: 442.595 Thread 0x00000232fb3603a0 Exception <a 'java/lang/NoSuchMethodError'{0x00000000ef87eac0}: 'void java.lang.invoke.Invokers$Holder.invokeExact_MT(java.lang.Object, int, java.lang.Object)'> (0x00000000ef87eac0) 
thrown [s\open\src\hotspot\share\interpreter\linkResolver.cpp, line 773]
Event: 446.172 Thread 0x00000232fb3603a0 Exception <a 'java/lang/NoSuchMethodError'{0x00000000ef6ddb70}: 'java.lang.Object java.lang.invoke.DirectMethodHandle$Holder.newInvokeSpecial(java.lang.Object, java.lang.Object, java.lang.Object, java.lang.Object, java.lang.Object, java.lang.Object, java.lang.Object, java.lang.Object, java.lang.Object, java.lang.Object, java.lang.Object)'> (0x00000000ef6ddb70) 
thrown [s\open\src\hotspot\share\interpreter\linkResolver.cpp, line 773]
Event: 459.936 Thread 0x00000232fb3603a0 Exception <a 'java/lang/NoSuchMethodError'{0x00000000efd6c470}: 'java.lang.Object java.lang.invoke.DirectMethodHandle$Holder.newInvokeSpecial(java.lang.Object, java.lang.Object, java.lang.Object, java.lang.Object, java.lang.Object, java.lang.Object, java.lang.Object, java.lang.Object, java.lang.Object, java.lang.Object, java.lang.Object, java.lang.Object)'> (0x00000000efd6c470) 
thrown [s\open\src\hotspot\share\interpreter\linkResolver.cpp, line 773]
Event: 459.941 Thread 0x00000232fb3603a0 Exception <a 'java/lang/NoSuchMethodError'{0x00000000efd71b90}: 'java.lang.Object java.lang.invoke.Invokers$Holder.linkToTargetMethod(java.lang.Object, java.lang.Object, java.lang.Object, java.lang.Object, java.lang.Object, java.lang.Object, java.lang.Object, java.lang.Object, java.lang.Object, java.lang.Object, java.lang.Object, java.lang.Object)'> (0x00000000efd71b90) 
thrown [s\open\src\hotspot\share\interpreter\linkResolver.cpp, line 773]
Event: 461.887 Thread 0x00000232fb3603a0 Exception <a 'java/lang/NoSuchMethodError'{0x00000000efc20e18}: 'java.lang.Object java.lang.invoke.DirectMethodHandle$Holder.newInvokeSpecial(java.lang.Object, java.lang.Object, java.lang.Object, java.lang.Object, java.lang.Object, java.lang.Object, java.lang.Object, java.lang.Object, java.lang.Object, java.lang.Object, java.lang.Object, java.lang.Object, java.lang.Object, java.lang.Object, java.lang.Object)'> (0x00000000efc20e18) 
thrown [s\open\src\hotspot\share\interpreter\linkResolver.cpp, line 773]
Event: 461.890 Thread 0x00000232fb3603a0 Exception <a 'java/lang/NoSuchMethodError'{0x00000000efc39b50}: 'java.lang.Object java.lang.invoke.DirectMethodHandle$Holder.invokeSpecial(java.lang.Object, java.lang.Object, java.lang.Object, java.lang.Object, java.lang.Object, java.lang.Object, java.lang.Object, java.lang.Object, java.lang.Object, java.lang.Object, java.lang.Object, java.lang.Object, java.lang.Object, java.lang.Object, java.lang.Object, java.lang.Object)'> (0x00000000efc39b50) 
thrown [s\open\src\hotspot\share\interpreter\linkResolver.cp
Event: 461.890 Thread 0x00000232fb3603a0 Exception <a 'java/lang/NoSuchMethodError'{0x00000000efc3f070}: 'java.lang.Object java.lang.invoke.DelegatingMethodHandle$Holder.reinvoke_L(java.lang.Object, java.lang.Object, java.lang.Object, java.lang.Object, java.lang.Object, java.lang.Object, java.lang.Object, java.lang.Object, java.lang.Object, java.lang.Object, java.lang.Object, java.lang.Object, java.lang.Object, java.lang.Object, java.lang.Object)'> (0x00000000efc3f070) 
thrown [s\open\src\hotspot\share\interpreter\linkResolver.cpp, line 773]

VM Operations (20 events):
Event: 450.109 Executing VM operation: Cleanup
Event: 450.246 Executing VM operation: Cleanup done
Event: 451.370 Executing VM operation: G1CollectForAllocation
Event: 456.582 Executing VM operation: G1CollectForAllocation done
Event: 458.595 Executing VM operation: Cleanup
Event: 458.626 Executing VM operation: Cleanup done
Event: 461.664 Executing VM operation: Cleanup
Event: 461.664 Executing VM operation: Cleanup done
Event: 469.731 Executing VM operation: Cleanup
Event: 472.675 Executing VM operation: Cleanup done
Event: 473.688 Executing VM operation: Cleanup
Event: 479.126 Executing VM operation: Cleanup done
Event: 480.130 Executing VM operation: Cleanup
Event: 480.131 Executing VM operation: Cleanup done
Event: 482.143 Executing VM operation: Cleanup
Event: 482.549 Executing VM operation: Cleanup done
Event: 483.555 Executing VM operation: Cleanup
Event: 484.974 Executing VM operation: Cleanup done
Event: 485.978 Executing VM operation: Cleanup
Event: 487.230 Executing VM operation: Cleanup done

Events (20 events):
Event: 361.375 Thread 0x00000232f6b62860 flushing nmethod 0x0000023287aef010
Event: 361.375 Thread 0x00000232f6b62860 flushing nmethod 0x0000023287aecf90
Event: 361.375 Thread 0x00000232f6b62860 flushing nmethod 0x0000023287b2e110
Event: 361.375 Thread 0x00000232f6b62860 flushing nmethod 0x0000023287b0bc10
Event: 361.375 Thread 0x00000232f6b62860 flushing nmethod 0x0000023287b0ac90
Event: 361.375 Thread 0x00000232f6b62860 flushing nmethod 0x0000023287b31690
Event: 361.375 Thread 0x00000232f6b62860 flushing nmethod 0x0000023287b08210
Event: 361.375 Thread 0x00000232f6b62860 flushing nmethod 0x0000023287afd090
Event: 361.375 Thread 0x00000232f6b62860 flushing nmethod 0x0000023287b01b90
Event: 361.375 Thread 0x00000232f6b62860 flushing nmethod 0x0000023287afb790
Event: 361.375 Thread 0x00000232f6b62860 flushing nmethod 0x0000023287af7a90
Event: 361.375 Thread 0x00000232f6b62860 flushing nmethod 0x0000023287af6e10
Event: 361.375 Thread 0x00000232f6b62860 flushing nmethod 0x0000023287af5a90
Event: 361.375 Thread 0x00000232f6b62860 flushing nmethod 0x0000023287af5110
Event: 361.375 Thread 0x00000232f6b62860 flushing nmethod 0x0000023287af3990
Event: 361.375 Thread 0x00000232f6b62860 flushing nmethod 0x0000023287ae5710
Event: 361.375 Thread 0x00000232f6b62860 flushing nmethod 0x0000023287ad8190
Event: 403.901 Thread 0x00000232fc8aae30 Thread exited: 0x00000232fc8aae30
Event: 460.548 Thread 0x00000232fc8af890 Thread added: 0x00000232fc8af890
Event: 460.886 Thread 0x00000232fc8ab8d0 Thread added: 0x00000232fc8ab8d0


Dynamic libraries:
0x00007ff72ace0000 - 0x00007ff72acf0000 	C:\Program Files\Java\jdk-20\bin\java.exe
0x00007ffda9fb0000 - 0x00007ffdaa1c7000 	C:\Windows\SYSTEM32\ntdll.dll
0x00007ffda9c90000 - 0x00007ffda9d54000 	C:\Windows\System32\KERNEL32.DLL
0x00007ffda7860000 - 0x00007ffda7c33000 	C:\Windows\System32\KERNELBASE.dll
0x00007ffda71d0000 - 0x00007ffda72e1000 	C:\Windows\System32\ucrtbase.dll
0x00007ffd7d560000 - 0x00007ffd7d57b000 	C:\Program Files\Java\jdk-20\bin\VCRUNTIME140.dll
0x00007ffd7a7a0000 - 0x00007ffd7a7b9000 	C:\Program Files\Java\jdk-20\bin\jli.dll
0x00007ffda8920000 - 0x00007ffda89d1000 	C:\Windows\System32\ADVAPI32.dll
0x00007ffda94b0000 - 0x00007ffda9557000 	C:\Windows\System32\msvcrt.dll
0x00007ffda9560000 - 0x00007ffda9607000 	C:\Windows\System32\sechost.dll
0x00007ffda7370000 - 0x00007ffda7398000 	C:\Windows\System32\bcrypt.dll
0x00007ffda99b0000 - 0x00007ffda9ac4000 	C:\Windows\System32\RPCRT4.dll
0x00007ffda9ad0000 - 0x00007ffda9c81000 	C:\Windows\System32\USER32.dll
0x00007ffda7420000 - 0x00007ffda7446000 	C:\Windows\System32\win32u.dll
0x00007ffd93440000 - 0x00007ffd936db000 	C:\Windows\WinSxS\amd64_microsoft.windows.common-controls_6595b64144ccf1df_6.0.22621.5262_none_2712bde373830908\COMCTL32.dll
0x00007ffda9430000 - 0x00007ffda9459000 	C:\Windows\System32\GDI32.dll
0x00007ffda70a0000 - 0x00007ffda71c2000 	C:\Windows\System32\gdi32full.dll
0x00007ffda7650000 - 0x00007ffda76ea000 	C:\Windows\System32\msvcp_win.dll
0x00007ffd9cf80000 - 0x00007ffd9cf8a000 	C:\Windows\SYSTEM32\VERSION.dll
0x00007ffda9d60000 - 0x00007ffda9d91000 	C:\Windows\System32\IMM32.DLL
0x00007ffd7c470000 - 0x00007ffd7c47c000 	C:\Program Files\Java\jdk-20\bin\vcruntime140_1.dll
0x00007ffd6c130000 - 0x00007ffd6c1be000 	C:\Program Files\Java\jdk-20\bin\msvcp140.dll
0x00007ffcce6a0000 - 0x00007ffccf338000 	C:\Program Files\Java\jdk-20\bin\server\jvm.dll
0x00007ffd8a480000 - 0x00007ffd8a489000 	C:\Windows\SYSTEM32\WSOCK32.dll
0x00007ffda02a0000 - 0x00007ffda02d4000 	C:\Windows\SYSTEM32\WINMM.dll
0x00007ffda9620000 - 0x00007ffda9691000 	C:\Windows\System32\WS2_32.dll
0x00007ffda6190000 - 0x00007ffda61a8000 	C:\Windows\SYSTEM32\kernel.appcore.dll
0x00007ffd7a790000 - 0x00007ffd7a79a000 	C:\Program Files\Java\jdk-20\bin\jimage.dll
0x00007ffda44a0000 - 0x00007ffda46d2000 	C:\Windows\SYSTEM32\DBGHELP.DLL
0x00007ffda7c50000 - 0x00007ffda7fe3000 	C:\Windows\System32\combase.dll
0x00007ffda8a00000 - 0x00007ffda8ad7000 	C:\Windows\System32\OLEAUT32.dll
0x00007ffd9a900000 - 0x00007ffd9a932000 	C:\Windows\SYSTEM32\dbgcore.DLL
0x00007ffda73a0000 - 0x00007ffda741b000 	C:\Windows\System32\bcryptPrimitives.dll
0x00007ffd79a20000 - 0x00007ffd79a2e000 	C:\Program Files\Java\jdk-20\bin\instrument.dll
0x00007ffd78b10000 - 0x00007ffd78b36000 	C:\Program Files\Java\jdk-20\bin\java.dll
0x00007ffd6b940000 - 0x00007ffd6ba17000 	C:\Program Files\Java\jdk-20\bin\jsvml.dll
0x00007ffda8b90000 - 0x00007ffda942d000 	C:\Windows\System32\SHELL32.dll
0x00007ffda7510000 - 0x00007ffda764f000 	C:\Windows\System32\wintypes.dll
0x00007ffda4fa0000 - 0x00007ffda58bd000 	C:\Windows\SYSTEM32\windows.storage.dll
0x00007ffda8100000 - 0x00007ffda820b000 	C:\Windows\System32\SHCORE.dll
0x00007ffda83d0000 - 0x00007ffda8436000 	C:\Windows\System32\shlwapi.dll
0x00007ffda6fd0000 - 0x00007ffda6ffb000 	C:\Windows\SYSTEM32\profapi.dll
0x00007ffd798f0000 - 0x00007ffd79908000 	C:\Program Files\Java\jdk-20\bin\zip.dll
0x00007ffd77660000 - 0x00007ffd77673000 	C:\Program Files\Java\jdk-20\bin\net.dll
0x00007ffda3960000 - 0x00007ffda3a8c000 	C:\Windows\SYSTEM32\WINHTTP.dll
0x00007ffda6610000 - 0x00007ffda667a000 	C:\Windows\system32\mswsock.dll
0x00007ffd77010000 - 0x00007ffd77026000 	C:\Program Files\Java\jdk-20\bin\nio.dll
0x00007ffd78b00000 - 0x00007ffd78b10000 	C:\Program Files\Java\jdk-20\bin\verify.dll
0x00007ffda0010000 - 0x00007ffda0037000 	C:\Users\ASUS\.gradle\native\1def1411415f61bf3af743bc5b6707747c0891f09f0c88961ee8f79bc544acac\windows-amd64\native-platform.dll
0x00007ffd70da0000 - 0x00007ffd70e18000 	C:\Users\ASUS\.gradle\native\0.2.7\x86_64-windows-gnu\gradle-fileevents.dll
0x00007ffd77000000 - 0x00007ffd7700a000 	C:\Program Files\Java\jdk-20\bin\management.dll
0x00007ffd75c70000 - 0x00007ffd75c7b000 	C:\Program Files\Java\jdk-20\bin\management_ext.dll
0x00007ffda83c0000 - 0x00007ffda83c8000 	C:\Windows\System32\PSAPI.DLL
0x00007ffda5b90000 - 0x00007ffda5bbd000 	C:\Windows\SYSTEM32\IPHLPAPI.DLL
0x00007ffda9610000 - 0x00007ffda9619000 	C:\Windows\System32\NSI.dll
0x00007ffda35f0000 - 0x00007ffda3609000 	C:\Windows\SYSTEM32\dhcpcsvc6.DLL
0x00007ffda35d0000 - 0x00007ffda35ef000 	C:\Windows\SYSTEM32\dhcpcsvc.DLL
0x00007ffda5c00000 - 0x00007ffda5cf8000 	C:\Windows\SYSTEM32\DNSAPI.dll
0x00007ffd73d30000 - 0x00007ffd73d37000 	C:\Program Files\Java\jdk-20\bin\extnet.dll
0x00007ffda6840000 - 0x00007ffda685b000 	C:\Windows\SYSTEM32\CRYPTSP.dll
0x00007ffda60f0000 - 0x00007ffda6127000 	C:\Windows\system32\rsaenh.dll
0x00007ffda66d0000 - 0x00007ffda66f8000 	C:\Windows\SYSTEM32\USERENV.dll
0x00007ffda6860000 - 0x00007ffda686c000 	C:\Windows\SYSTEM32\CRYPTBASE.dll
0x00007ffd73c10000 - 0x00007ffd73c1e000 	C:\Program Files\Java\jdk-20\bin\sunmscapi.dll
0x00007ffda76f0000 - 0x00007ffda7857000 	C:\Windows\System32\CRYPT32.dll
0x00007ffda6a60000 - 0x00007ffda6a8d000 	C:\Windows\SYSTEM32\ncrypt.dll
0x00007ffda6a20000 - 0x00007ffda6a57000 	C:\Windows\SYSTEM32\NTASN1.dll
0x00007ffd95aa0000 - 0x00007ffd95aa8000 	C:\Windows\system32\wshunix.dll

dbghelp: loaded successfully - version: 4.0.5 - missing functions: none
symbol engine: initialized successfully - sym options: 0x614 - pdb path: .;C:\Program Files\Java\jdk-20\bin;C:\Windows\SYSTEM32;C:\Windows\WinSxS\amd64_microsoft.windows.common-controls_6595b64144ccf1df_6.0.22621.5262_none_2712bde373830908;C:\Program Files\Java\jdk-20\bin\server;C:\Users\ASUS\.gradle\native\1def1411415f61bf3af743bc5b6707747c0891f09f0c88961ee8f79bc544acac\windows-amd64;C:\Users\ASUS\.gradle\native\0.2.7\x86_64-windows-gnu

VM Arguments:
jvm_args: --add-opens=java.base/java.lang=ALL-UNNAMED --add-opens=java.base/java.lang.invoke=ALL-UNNAMED --add-opens=java.base/java.util=ALL-UNNAMED --add-opens=java.prefs/java.util.prefs=ALL-UNNAMED --add-exports=jdk.compiler/com.sun.tools.javac.api=ALL-UNNAMED --add-exports=jdk.compiler/com.sun.tools.javac.util=ALL-UNNAMED --add-opens=java.base/java.util=ALL-UNNAMED --add-opens=java.prefs/java.util.prefs=ALL-UNNAMED --add-opens=java.base/java.nio.charset=ALL-UNNAMED --add-opens=java.base/java.net=ALL-UNNAMED --add-opens=java.base/java.util.concurrent.atomic=ALL-UNNAMED --add-opens=java.xml/javax.xml.namespace=ALL-UNNAMED -XX:MaxMetaspaceSize=384m -XX:+HeapDumpOnOutOfMemoryError -Xms256m -Xmx512m -Dfile.encoding=UTF-8 -Duser.country=ID -Duser.language=en -Duser.variant -javaagent:C:\Users\ASUS\.gradle\wrapper\dists\gradle-8.13-bin\5xuhj0ry160q40clulazy9h7d\gradle-8.13\lib\agents\gradle-instrumentation-agent-8.13.jar 
java_command: org.gradle.launcher.daemon.bootstrap.GradleDaemon 8.13
java_class_path (initial): C:\Users\ASUS\.gradle\wrapper\dists\gradle-8.13-bin\5xuhj0ry160q40clulazy9h7d\gradle-8.13\lib\gradle-daemon-main-8.13.jar
Launcher Type: SUN_STANDARD

[Global flags]
     intx CICompilerCount                          = 4                                         {product} {ergonomic}
   size_t CompressedClassSpaceSize                 = 322961408                                 {product} {ergonomic}
     uint ConcGCThreads                            = 3                                         {product} {ergonomic}
     uint G1ConcRefinementThreads                  = 10                                        {product} {ergonomic}
   size_t G1HeapRegionSize                         = 1048576                                   {product} {ergonomic}
    uintx GCDrainStackTargetSize                   = 64                                        {product} {ergonomic}
     bool HeapDumpOnOutOfMemoryError               = true                                   {manageable} {command line}
   size_t InitialHeapSize                          = 268435456                                 {product} {command line}
   size_t MarkStackSize                            = 4194304                                   {product} {ergonomic}
   size_t MaxHeapSize                              = 536870912                                 {product} {command line}
   size_t MaxMetaspaceSize                         = 402653184                                 {product} {command line}
   size_t MaxNewSize                               = 321912832                                 {product} {ergonomic}
   size_t MinHeapDeltaBytes                        = 1048576                                   {product} {ergonomic}
   size_t MinHeapSize                              = 268435456                                 {product} {command line}
    uintx NonNMethodCodeHeapSize                   = 5839372                                {pd product} {ergonomic}
    uintx NonProfiledCodeHeapSize                  = 122909434                              {pd product} {ergonomic}
    uintx ProfiledCodeHeapSize                     = 122909434                              {pd product} {ergonomic}
    uintx ReservedCodeCacheSize                    = 251658240                              {pd product} {ergonomic}
     bool SegmentedCodeCache                       = true                                      {product} {ergonomic}
   size_t SoftMaxHeapSize                          = 536870912                              {manageable} {ergonomic}
     bool UseCompressedClassPointers               = true                           {product lp64_product} {ergonomic}
     bool UseCompressedOops                        = true                           {product lp64_product} {ergonomic}
     bool UseG1GC                                  = true                                      {product} {ergonomic}
     bool UseLargePagesIndividualAllocation        = false                                  {pd product} {ergonomic}

Logging:
Log output configuration:
 #0: stdout all=warning uptime,level,tags foldmultilines=false
 #1: stderr all=off uptime,level,tags foldmultilines=false

Environment Variables:
JAVA_HOME=C:\Program Files\Java\jdk-20
PATH=C:\Program Files\Common Files\Oracle\Java\javapath;C:\Program Files (x86)\Common Files\Oracle\Java\java8path;C:\Program Files (x86)\Common Files\Oracle\Java\javapath;C:\Windows\system32;C:\Windows;C:\Windows\System32\Wbem;C:\Windows\System32\WindowsPowerShell\v1.0\;C:\Windows\System32\OpenSSH\;C:\Program Files\Java\jdk-20\bin;C:\Program Files\Go\bin;C:\Program Files\Docker\Docker\resources\bin;C:\Program Files\Git\cmd;C:\Program Files\PuTTY\;C:\Program Files\CMake\bin;C:\Program Files\nodejs\;C:\ProgramData\chocolatey\bin;C:\Users\ASUS\AppData\Local\Programs\Python\Python313\Scripts\;C:\Users\ASUS\AppData\Local\Programs\Python\Python313\;C:\Users\ASUS\AppData\Local\Programs\Eclipse Adoptium\jdk-21.0.6.7-hotspot\bin;C:\Users\ASUS\.cargo\bin;C:\Program Files\MySQL\MySQL Shell 8.0\bin\;C:\Users\ASUS\AppData\Local\Programs\Python\Python311\Scripts\;C:\Users\ASUS\AppData\Local\Programs\Python\Python311\;C:\Users\ASUS\AppData\Local\Microsoft\WindowsApps;C:\Users\ASUS\AppData\Local\Programs\Microsoft VS Code\bin;C:\MinGW\bin;C:\Users\ASUS\go\bin;C:\Users\ASUS\AppData\Local\flutter\flutter\bin;C:\Program Files\JetBrains\IntelliJ IDEA 2024.3.2.2\bin;;C:\Program Files\CMake\bin;C:\Users\ASUS\AppData\Roaming\npm;C:\Users\ASUS\AppData\Local\Programs\cursor\resources\app\bin
USERNAME=ASUS
OS=Windows_NT
PROCESSOR_IDENTIFIER=AMD64 Family 25 Model 80 Stepping 0, AuthenticAMD
TMP=C:\Users\ASUS\AppData\Local\Temp
TEMP=C:\Users\ASUS\AppData\Local\Temp




---------------  S Y S T E M  ---------------

OS:
 Windows 11 , 64 bit Build 22621 (10.0.22621.5262)
OS uptime: 0 days 1:44 hours
Hyper-V role detected

CPU: total 12 (initial active 12) (12 cores per cpu, 2 threads per core) family 25 model 80 stepping 0 microcode 0x0, cx8, cmov, fxsr, ht, mmx, 3dnowpref, sse, sse2, sse3, ssse3, sse4a, sse4.1, sse4.2, popcnt, lzcnt, tsc, tscinvbit, avx, avx2, aes, erms, clmul, bmi1, bmi2, adx, sha, fma, vzeroupper, clflush, clflushopt, hv, rdtscp, rdpid, fsrm, f16c, cet_ss

Memory: 4k page, system-wide physical 15775M (62M free)
TotalPageFile size 64927M (AvailPageFile size 0M)
current process WorkingSet (physical memory assigned to process): 51M, peak: 222M
current process commit charge ("private bytes"): 431M, peak: 439M

vm_info: Java HotSpot(TM) 64-Bit Server VM (20.0.2+9-78) for windows-amd64 JRE (20.0.2+9-78), built on 2023-06-14T10:08:48Z by "mach5one" with MS VC++ 17.1 (VS2022)

END.
